<?xml version="1.0" encoding="UTF-8"?>
<!-- Generated by org.testng.reporters.JUnitXMLReporter -->
<testsuite ignored="1" hostname="LAPTOP-477EAM08" failures="0" tests="1" name="Default test(failed)" time="59.629" errors="0" timestamp="01 Dec 2021 05:27:25 GMT">
  <testcase classname="com.bhiawpkg.Tests.Manageaccessidtest" name="EditAccessId" time="33.947"/>
  <testcase classname="com.bhiawpkg.Tests.Manageaccessidtest" name="AddNewAccessId" time="0.0">
    <ignored/>
  </testcase> <!-- AddNewAccessId -->
</testsuite> <!-- Default test(failed) -->
