<?xml version="1.0" encoding="UTF-8"?>
<!-- Generated by org.testng.reporters.JUnitXMLReporter -->
<testsuite ignored="0" hostname="LAPTOP-477EAM08" failures="0" tests="3" name="Test" time="86.504" errors="0" timestamp="23 Sep 2021 05:54:19 GMT">
  <testcase classname="com.bhiawpkg.Tests.ClientTest" name="createclient" time="7.934"/>
  <testcase classname="com.bhiawpkg.Tests.UsercreationTest" name="CreateUser" time="9.803"/>
  <testcase classname="com.bhiawpkg.Tests.MenupermissionTest" name="Setpermission" time="16.465"/>
</testsuite> <!-- Test -->
