<?xml version="1.0" encoding="UTF-8"?>
<!-- Generated by org.testng.reporters.JUnitXMLReporter -->
<testsuite ignored="5" hostname="LAPTOP-477EAM08" failures="0" tests="0" time="0.083" errors="0" timestamp="03 Nov 2021 09:37:32 GMT">
  <testcase classname="com.bhiawpkg.Tests.WPRTest" name="RejectDWPRecall" time="0.0">
    <ignored/>
  </testcase> <!-- RejectDWPRecall -->
  <testcase classname="com.bhiawpkg.Tests.WPRTest" name="ApproveDailyWrok" time="0.0">
    <ignored/>
  </testcase> <!-- ApproveDailyWrok -->
  <testcase classname="com.bhiawpkg.Tests.WPRTest" name="ViewDWP" time="0.0">
    <ignored/>
  </testcase> <!-- ViewDWP -->
  <testcase classname="com.bhiawpkg.Tests.WPRTest" name="AddDailyworkprogress" time="0.0">
    <ignored/>
  </testcase> <!-- AddDailyworkprogress -->
  <testcase classname="com.bhiawpkg.Tests.WPRTest" name="RejectDWP" time="0.0">
    <ignored/>
  </testcase> <!-- RejectDWP -->
</testsuite>
