<?xml version="1.0" encoding="UTF-8"?>
<testsuite xmlns:xsi="http://www.w3.org/2001/XMLSchema-instance" xsi:noNamespaceSchemaLocation="https://maven.apache.org/surefire/maven-surefire-plugin/xsd/surefire-test-report-3.0.xsd" version="3.0" name="TestSuite" time="218.205" tests="9" errors="0" skipped="2" failures="2">
  <properties>
[...]
</properties>
  <testcase name="ExpiredInternalTaskCreation[ASHLYPMS, Internal, Painting, INT03, 500, Sq Ft, 200, 100000, Aluva, Third floor, TODAY(), EDATE(K2,1), 29, 20.86, TOUGHEN GLASS WORKS, 20, 18, Medium, dinil, BHI Developer, BHI Developer, In-progress, PRODUCTION, Astle, divya.an@blueINFRAinfotech.com, should complete as early as possible](1)" classname="com.bhiawpkg.Tests.ExpiredInternalTaskCreationTest" time="13.911">
    <system-out><![CDATA[[TestNGContentHandler] [WARN] It is strongly recommended to add "<!DOCTYPE suite SYSTEM "http://testng.org/testng-1.0.dtd" >" at the top of your file, otherwise TestNG may fail or not work as expected.
C:\Users\divya\OneDrive\Desktop\Works\BHI TESTING\COSTMSPMS\BHIAW
2023-06-10 15:36:09 INFO  TestBase:61 - -----------Browser is launching---------
2023-06-10 15:36:09 INFO  TestBase:62 - -----------URL is getting---------
2023-06-10 15:36:13 INFO  WaitHelper:26 - 40
2023-06-10 15:36:13 INFO  WaitHelper:31 - 2400
2023-06-10 15:36:13 INFO  TestBase:69 - -----------Application is loaded----------------
2023-06-10 15:36:13 INFO  ExpiredInternalTaskCreationTest:181 - file is getting!!!!!
2023-06-10 15:36:15 INFO  ExpiredInternalTaskCreationTest:192 - Excel data is returned
2023-06-10 15:36:15 INFO  LoginPage:35 - ----------Username is getting------------
2023-06-10 15:36:15 INFO  LoginPage:40 - ----------Password is getting------------
2023-06-10 15:36:20 INFO  LoginPage:45 - ----------Loginbutton is clicked------------
2023-06-10 15:36:20 INFO  ExpiredInternalTaskCreationTest:39 - --------Login is doing------------
2023-06-10 15:36:20 INFO  ExpiredInternalTaskCreationTest:41 - ==============login is sucessful=========================
2023-06-10 15:36:20 INFO  ExpiredInternalTaskCreationTest:42 - ******************************Task CREATION SECTION*******************************
2023-06-10 15:36:20 INFO  ExpiredInternalTaskCreationTest:52 - ******************************Task CREATION SECTION**********************************
2023-06-10 15:36:20 INFO  ExpiredInternalTaskCreationTest:53 - -------To get project name and site name-------
2023-06-10 15:36:20 INFO  ProjectPage:165 - ----Projects option is clicked------
2023-06-10 15:36:20 INFO  ExpiredInternalTaskCreationTest:56 - -------Clik Project Menu-------
2023-06-10 15:36:20 INFO  ProjectPage:169 - ------Going to click projects to create projects-------
2023-06-10 15:36:23 INFO  ExpiredInternalTaskCreationTest:61 - -------Going to project section-------
2023-06-10 15:36:26 INFO  ExpiredInternalTaskCreationTest:65 - -------Get project start date------
2023-06-10 15:36:26 INFO  ExpiredInternalTaskCreationTest:67 - -------Get project end date-------
2023-06-10 15:36:28 INFO  ProjectPage:675 - ----------click edit in grid----------------
2023-06-10 15:36:30 INFO  AssignedtaskPage:153 - ----Assigned task is clicked------
2023-06-10 15:36:30 INFO  ExpiredInternalTaskCreationTest:81 - -------User Clik Assigned Tasks-------
2023-06-10 15:36:30 INFO  AssignedtaskPage:158 - ----Click Add task ------
2023-06-10 15:36:30 INFO  ExpiredInternalTaskCreationTest:92 - -------User clicked Add Task-------
2023-06-10 15:36:31 INFO  ExpiredInternalTaskCreationTest:95 - -------User switching to frame-------
2023-06-10 15:36:31 INFO  AssignedtaskPage:167 - -----selecting the task  project------
2023-06-10 15:36:31 INFO  DropdownHelper:42 - Locator : [[ChromeDriver: chrome on WINDOWS (7f5ff645756e6a058faa5c5e00783a68)] -> css selector: #Tasks_project_id] Value : PMS
2023-06-10 15:36:31 INFO  ExpiredInternalTaskCreationTest:98 - -------User selecting the project-------
2023-06-10 15:36:31 INFO  AssignedtaskPage:180 - ------------click internal----------------
2023-06-10 15:36:31 INFO  ExpiredInternalTaskCreationTest:100 - -------User click task type external-------
2023-06-10 15:36:31 INFO  AssignedtaskPage:198 - -------type task title-------
2023-06-10 15:36:31 INFO  ExpiredInternalTaskCreationTest:104 - ----------User type the task title---------------
2023-06-10 15:36:31 INFO  AssignedtaskPage:204 - ----------type task quantity----------------
2023-06-10 15:36:31 INFO  ExpiredInternalTaskCreationTest:106 - ----------User type the task quantity---------------
2023-06-10 15:36:31 INFO  DropdownHelper:42 - Locator : [[ChromeDriver: chrome on WINDOWS (7f5ff645756e6a058faa5c5e00783a68)] -> id: Tasks_unit] Value : Sq Ft
2023-06-10 15:36:31 INFO  AssignedtaskPage:211 - -----------selecting the task unit----------------
2023-06-10 15:36:31 INFO  ExpiredInternalTaskCreationTest:108 - ----------User type the task quantity---------------
2023-06-10 15:36:32 INFO  AssignedtaskPage:260 - --------click start task date------------
2023-06-10 15:36:32 INFO  ExpiredInternalTaskCreationTest:118 - ----------User click  the task start date---------------
2023-06-10 15:36:32 INFO  ExpiredInternalTaskCreationTest:121 - ----------User selected  the task start date---------------
2023-06-10 15:36:32 INFO  ExpiredInternalTaskCreationTest:125 - ----------User selected  the task start date---------------
2023-06-10 15:36:32 INFO  ExpiredInternalTaskCreationTest:127 - ----------User click the task end date---------------
2023-06-10 15:36:32 INFO  ExpiredInternalTaskCreationTest:136 - ----------User select the task end date---------------
2023-06-10 15:36:32 INFO  AssignedtaskPage:331 - Task duration is=
2023-06-10 15:36:32 INFO  ExpiredInternalTaskCreationTest:139 - ----------User type the task duration---------------
2023-06-10 15:36:32 INFO  AssignedtaskPage:337 - Daily target is=
2023-06-10 15:36:32 INFO  ExpiredInternalTaskCreationTest:142 - ----------User get the task daily target---------------
2023-06-10 15:36:32 INFO  ExpiredInternalTaskCreationTest:144 - ----------User select the task work type---------------
2023-06-10 15:36:32 INFO  ExpiredInternalTaskCreationTest:146 - ----------User get the required workers---------------
2023-06-10 15:36:32 INFO  ExpiredInternalTaskCreationTest:148 - ----------User get the max workers---------------
2023-06-10 15:36:32 INFO  DropdownHelper:42 - Locator : [[ChromeDriver: chrome on WINDOWS (7f5ff645756e6a058faa5c5e00783a68)] -> id: Tasks_priority] Value : Medium
2023-06-10 15:36:32 INFO  AssignedtaskPage:370 - -------------select task priority------------------
2023-06-10 15:36:32 INFO  ExpiredInternalTaskCreationTest:150 - ----------User select the priority---------------
2023-06-10 15:36:32 INFO  DropdownHelper:42 - Locator : [[ChromeDriver: chrome on WINDOWS (7f5ff645756e6a058faa5c5e00783a68)] -> xpath: //html[1]/body[1]/div[1]/div[1]/div[1]/form[1]/div[19]/div[1]/select[1]] Value : dinil
2023-06-10 15:36:32 INFO  AssignedtaskPage:382 - -------------select task assigned to------------------
2023-06-10 15:36:32 INFO  ExpiredInternalTaskCreationTest:153 - ----------User select the assigned users ---------------
2023-06-10 15:36:32 INFO  DropdownHelper:42 - Locator : [[ChromeDriver: chrome on WINDOWS (7f5ff645756e6a058faa5c5e00783a68)] -> id: Tasks_coordinator] Value : BHI Developer
2023-06-10 15:36:32 INFO  AssignedtaskPage:388 - -------------select task coordinator------------------
2023-06-10 15:36:32 INFO  ExpiredInternalTaskCreationTest:155 - ----------User select the task coordinator ---------------
2023-06-10 15:36:32 INFO  DropdownHelper:42 - Locator : [[ChromeDriver: chrome on WINDOWS (7f5ff645756e6a058faa5c5e00783a68)] -> id: Tasks_report_to] Value : BHI Developer
2023-06-10 15:36:32 INFO  AssignedtaskPage:393 - -------------select task owner------------------
2023-06-10 15:36:32 INFO  ExpiredInternalTaskCreationTest:157 - ----------User select the task owner---------------
2023-06-10 15:36:33 INFO  DropdownHelper:42 - Locator : [[ChromeDriver: chrome on WINDOWS (7f5ff645756e6a058faa5c5e00783a68)] -> id: Tasks_status] Value : In-progress
2023-06-10 15:36:33 INFO  AssignedtaskPage:398 - -------------select task progress------------------
2023-06-10 15:36:33 INFO  ExpiredInternalTaskCreationTest:159 - ----------User select the current progress ---------------
2023-06-10 15:36:33 INFO  DropdownHelper:36 - Locator : [[ChromeDriver: chrome on WINDOWS (7f5ff645756e6a058faa5c5e00783a68)] -> id: Tasks_milestone_id] Value : 1
2023-06-10 15:36:33 INFO  AssignedtaskPage:410 - -------------select task milestone------------------
2023-06-10 15:36:33 INFO  ExpiredInternalTaskCreationTest:162 - ----------User select the task milestone ---------------
2023-06-10 15:36:33 INFO  DropdownHelper:42 - Locator : [[ChromeDriver: chrome on WINDOWS (7f5ff645756e6a058faa5c5e00783a68)] -> id: Tasks_contractor_id] Value : Astle
2023-06-10 15:36:33 INFO  AssignedtaskPage:416 - -------------select task contractor------------------
2023-06-10 15:36:33 INFO  ExpiredInternalTaskCreationTest:164 - ----------User select the task contractors ---------------
2023-06-10 15:36:33 INFO  AssignedtaskPage:421 - -------------enter task email------------------
2023-06-10 15:36:33 INFO  ExpiredInternalTaskCreationTest:166 - -------------user enter task email------------------
2023-06-10 15:36:33 INFO  AssignedtaskPage:426 - -------------enter task description------------------
2023-06-10 15:36:33 INFO  ExpiredInternalTaskCreationTest:168 - -------------user enter task description------------------
2023-06-10 15:36:33 INFO  AssignedtaskPage:431 - -----------Clik the create button-----------
2023-06-10 15:36:33 INFO  ExpiredInternalTaskCreationTest:173 - ----------User click the create button ---------------
]]></system-out>
    <system-err><![CDATA[Jun 10, 2023 3:36:08 PM org.openqa.selenium.remote.DesiredCapabilities chrome
INFO: Using `new ChromeOptions()` is preferred to `DesiredCapabilities.chrome()`
Starting ChromeDriver 114.0.5735.90 (386bc09e8f4f2e025eddae123f36f6263096ae49-refs/branch-heads/5735@{#1052}) on port 19073
Only local connections are allowed.
Please see https://chromedriver.chromium.org/security-considerations for suggestions on keeping ChromeDriver safe.
ChromeDriver was started successfully.
Jun 10, 2023 3:36:09 PM org.openqa.selenium.remote.ProtocolHandshake createSession
INFO: Detected dialect: W3C
]]></system-err>
  </testcase>
  <testcase name="Verifysuccessful[[TestResult name=ExpiredInternalTaskCreation status=SUCCESS method=ExpiredInternalTaskCreationTest.ExpiredInternalTaskCreation(java.lang.String, java.lang.String, java.lang.String, java.lang.String, java.lang.String, java.lang.String, java.lang.String, java.lang.String, java.lang.String, java.lang.String, java.lang.String, java.lang.String, java.lang.String, java.lang.String, java.lang.String, java.lang.String, java.lang.String, java.lang.String, java.lang.String, java.lang.String, java.lang.String, java.lang.String, java.lang.String, java.lang.String, java.lang.String, java.lang.String)[pri:0, instance:com.bhiawpkg.Tests.ExpiredInternalTaskCreationTest@576d5deb] output={null}]](0)" classname="com.bhiawpkg.Tests.ExpiredInternalTaskCreationTest" time="14.025">
    <failure message="********ExpiredInternalTaskCreation Details added  failed!!************ expected [true] but found [false]" type="java.lang.AssertionError"><![CDATA[java.lang.AssertionError: ********ExpiredInternalTaskCreation Details added  failed!!************ expected [true] but found [false]
	at com.bhiawpkg.Tests.ExpiredInternalTaskCreationTest.Verifysuccessful(ExpiredInternalTaskCreationTest.java:211)
]]></failure>
    <system-out><![CDATA[2023-06-10 15:36:33 INFO  AssignedtaskPage:436 - ----------------verify--------------------
2023-06-10 15:36:33 INFO  ExpiredInternalTaskCreationTest:200 - -------Verifying ExpiredInternalTaskCreation -------
]]></system-out>
  </testcase>
  <testcase name="teardown" classname="com.bhiawpkg.Tests.ExpiredInternalTaskCreationTest" time="0">
    <skipped/>
  </testcase>
  <testcase name="ExpiredExternalTaskCreation[ASHLYPMS, External, Painting, Base Painting, 500, Sq Ft, 200, 100000, Aluva, Third floor, TODAY(), EDATE(K2,1), 29, 20.29, TOUGHEN GLASS WORKS, 29, 18, Medium, dinil, BHI Developer, BHI Developer, In-progress, PRODUCTION, Astle, divya.abish1003@gmail.com, tes descr](1)" classname="com.bhiawpkg.Tests.ExpiredExternalTaskCreationTest" time="29.334">
    <system-out><![CDATA[2023-06-10 15:36:35 INFO  TestBase:61 - -----------Browser is launching---------
2023-06-10 15:36:35 INFO  TestBase:62 - -----------URL is getting---------
2023-06-10 15:36:37 INFO  WaitHelper:26 - 40
2023-06-10 15:36:37 INFO  WaitHelper:31 - 2400
2023-06-10 15:36:37 INFO  TestBase:69 - -----------Application is loaded----------------
2023-06-10 15:36:37 INFO  ExpiredExternalTaskCreationTest:180 - file is getting!!!!!
2023-06-10 15:36:37 INFO  ExpiredExternalTaskCreationTest:191 - Excel data is returned
2023-06-10 15:36:37 INFO  LoginPage:35 - ----------Username is getting------------
2023-06-10 15:36:37 INFO  LoginPage:40 - ----------Password is getting------------
2023-06-10 15:36:40 INFO  LoginPage:45 - ----------Loginbutton is clicked------------
2023-06-10 15:36:40 INFO  ExpiredExternalTaskCreationTest:39 - --------Login is doing------------
2023-06-10 15:36:40 INFO  ExpiredExternalTaskCreationTest:41 - ==============login is sucessful=========================
2023-06-10 15:36:40 INFO  ExpiredExternalTaskCreationTest:51 - ******************************Task CREATION SECTION**********************************
2023-06-10 15:36:40 INFO  ExpiredExternalTaskCreationTest:52 - -------To get project name and site name-------
2023-06-10 15:36:40 INFO  ProjectPage:165 - ----Projects option is clicked------
2023-06-10 15:36:40 INFO  ExpiredExternalTaskCreationTest:55 - -------Clik Project Menu-------
2023-06-10 15:36:40 INFO  ProjectPage:169 - ------Going to click projects to create projects-------
2023-06-10 15:36:41 INFO  ExpiredExternalTaskCreationTest:60 - -------Going to project section-------
2023-06-10 15:36:46 INFO  ProjectPage:675 - ----------click edit in grid----------------
2023-06-10 15:36:46 INFO  ProjectPage:430 - ---------------------Main tasg tab clicked----------------
2023-06-10 15:36:46 INFO  ProjectPage:1106 - ----------select pjt punch site -------------------
2023-06-10 15:36:48 INFO  ProjectPage:544 - ----------------------Work type details tab clicked---------
2023-06-10 15:36:48 INFO  ExpiredExternalTaskCreationTest:70 - -------User clicked work type details tab ------------------
2023-06-10 15:36:48 INFO  ProjectPage:1100 - ----------select pjt punch site -------------------
2023-06-10 15:36:51 INFO  ProjectPage:587 - ----------------------Work site details tab clicked---------
2023-06-10 15:36:51 INFO  ProjectPage:660 - ----------select project punch site -------------------
2023-06-10 15:36:53 INFO  ProjectPage:514 - ----------------click area details tab------------------------
2023-06-10 15:36:53 INFO  ExpiredExternalTaskCreationTest:80 - -------User clicked area details tab ------------------
2023-06-10 15:36:55 INFO  AssignedtaskPage:153 - ----Assigned task is clicked------
2023-06-10 15:36:55 INFO  ExpiredExternalTaskCreationTest:85 - -------User Clik Assigned Tasks-------
2023-06-10 15:36:55 INFO  AssignedtaskPage:158 - ----Click Add task ------
2023-06-10 15:36:55 INFO  ExpiredExternalTaskCreationTest:88 - -------User clicked Add Task-------
2023-06-10 15:36:55 INFO  ExpiredExternalTaskCreationTest:91 - -------User switching to frame-------
2023-06-10 15:36:55 INFO  AssignedtaskPage:167 - -----selecting the task  project------
2023-06-10 15:36:55 INFO  DropdownHelper:42 - Locator : [[ChromeDriver: chrome on WINDOWS (52acae7dd90d68ddc7175ff604714441)] -> css selector: #Tasks_project_id] Value : PMS
2023-06-10 15:36:55 INFO  ExpiredExternalTaskCreationTest:94 - -------User selecting the project-------
2023-06-10 15:36:55 INFO  AssignedtaskPage:175 - -----------click external-----------------
2023-06-10 15:36:55 INFO  ExpiredExternalTaskCreationTest:97 - -------User click task type external-------
2023-06-10 15:36:56 INFO  DropdownHelper:42 - Locator : [[ChromeDriver: chrome on WINDOWS (52acae7dd90d68ddc7175ff604714441)] -> xpath: //*[@id='main_task']] Value : Painting
2023-06-10 15:36:56 INFO  AssignedtaskPage:186 - --------main task selection----------
2023-06-10 15:36:56 INFO  ExpiredExternalTaskCreationTest:100 - -------User selecting the main task-------
2023-06-10 15:36:56 INFO  AssignedtaskPage:198 - -------type task title-------
2023-06-10 15:36:56 INFO  ExpiredExternalTaskCreationTest:102 - ----------User type the task title---------------
2023-06-10 15:36:56 INFO  AssignedtaskPage:204 - ----------type task quantity----------------
2023-06-10 15:36:56 INFO  ExpiredExternalTaskCreationTest:104 - ----------User type the task quantity---------------
2023-06-10 15:36:57 INFO  DropdownHelper:42 - Locator : [[ChromeDriver: chrome on WINDOWS (52acae7dd90d68ddc7175ff604714441)] -> id: Tasks_unit] Value : Sq Ft
2023-06-10 15:36:57 INFO  AssignedtaskPage:211 - -----------selecting the task unit----------------
2023-06-10 15:36:57 INFO  ExpiredExternalTaskCreationTest:107 - ----------User type the task quantity---------------
2023-06-10 15:36:57 INFO  AssignedtaskPage:224 - -------------type task rate---------------
2023-06-10 15:36:57 INFO  ExpiredExternalTaskCreationTest:109 - ----------User type the task rate---------------
2023-06-10 15:36:57 INFO  DropdownHelper:42 - Locator : [[ChromeDriver: chrome on WINDOWS (52acae7dd90d68ddc7175ff604714441)] -> xpath: //*[@id='Tasks_clientsite_id']] Value : EKMMF
2023-06-10 15:36:57 INFO  AssignedtaskPage:217 - ---------selecting the task location-----------------
2023-06-10 15:36:57 INFO  ExpiredExternalTaskCreationTest:111 - ----------User select the task location---------------
2023-06-10 15:36:57 INFO  DropdownHelper:36 - Locator : [[ChromeDriver: chrome on WINDOWS (52acae7dd90d68ddc7175ff604714441)] -> xpath: //*[@id='Tasks_area']] Value : 1
2023-06-10 15:36:57 INFO  AssignedtaskPage:241 - --------selecting the task area----------------
2023-06-10 15:36:57 INFO  ExpiredExternalTaskCreationTest:115 - ----------User select the task area---------------
2023-06-10 15:36:57 INFO  ExpiredExternalTaskCreationTest:119 - ----------User click  the task start date---------------
2023-06-10 15:36:57 INFO  ExpiredExternalTaskCreationTest:120 - ----------User selected  the task start date---------------
2023-06-10 15:36:57 INFO  ExpiredExternalTaskCreationTest:122 - ----------User click the task end date---------------
2023-06-10 15:36:57 INFO  ExpiredExternalTaskCreationTest:125 - ----------User select the task end date---------------
2023-06-10 15:36:57 INFO  AssignedtaskPage:331 - Task duration is=
2023-06-10 15:36:57 INFO  ExpiredExternalTaskCreationTest:129 - ----------User type the task duration---------------
2023-06-10 15:36:58 INFO  AssignedtaskPage:337 - Daily target is=
2023-06-10 15:36:58 INFO  ExpiredExternalTaskCreationTest:132 - ----------User get the task daily target---------------
2023-06-10 15:36:58 INFO  AssignedtaskPage:251 - -----selecting the work type in to the project------
2023-06-10 15:36:58 INFO  DropdownHelper:42 - Locator : [[ChromeDriver: chrome on WINDOWS (52acae7dd90d68ddc7175ff604714441)] -> id: Tasks_work_type_id] Value : Electrical works
2023-06-10 15:36:58 INFO  ExpiredExternalTaskCreationTest:136 - ----------User select the task work type---------------
2023-06-10 15:37:00 INFO  AssignedtaskPage:350 - The daily target is [Ljava.lang.String;@7c0df4ab
2023-06-10 15:37:08 INFO  ExpiredExternalTaskCreationTest:139 - ----------User get the required workers---------------
2023-06-10 15:37:08 INFO  ExpiredExternalTaskCreationTest:140 - ----------User get the max workers---------------
2023-06-10 15:37:08 INFO  DropdownHelper:42 - Locator : [[ChromeDriver: chrome on WINDOWS (52acae7dd90d68ddc7175ff604714441)] -> id: Tasks_priority] Value : Medium
2023-06-10 15:37:08 INFO  AssignedtaskPage:370 - -------------select task priority------------------
2023-06-10 15:37:08 INFO  ExpiredExternalTaskCreationTest:143 - ----------User select the priority---------------
2023-06-10 15:37:08 INFO  DropdownHelper:42 - Locator : [[ChromeDriver: chrome on WINDOWS (52acae7dd90d68ddc7175ff604714441)] -> id: Tasks_assigned_to] Value : dinil
2023-06-10 15:37:08 INFO  AssignedtaskPage:376 - -------------select task assigned to------------------
2023-06-10 15:37:08 INFO  ExpiredExternalTaskCreationTest:148 - ----------User select the assigned users ---------------
2023-06-10 15:37:09 INFO  DropdownHelper:42 - Locator : [[ChromeDriver: chrome on WINDOWS (52acae7dd90d68ddc7175ff604714441)] -> id: Tasks_coordinator] Value : BHI Developer
2023-06-10 15:37:09 INFO  AssignedtaskPage:388 - -------------select task coordinator------------------
2023-06-10 15:37:09 INFO  ExpiredExternalTaskCreationTest:151 - ----------User select the task coordinator ---------------
2023-06-10 15:37:09 INFO  DropdownHelper:42 - Locator : [[ChromeDriver: chrome on WINDOWS (52acae7dd90d68ddc7175ff604714441)] -> id: Tasks_report_to] Value : BHI Developer
2023-06-10 15:37:09 INFO  AssignedtaskPage:393 - -------------select task owner------------------
2023-06-10 15:37:09 INFO  ExpiredExternalTaskCreationTest:154 - ----------User select the task owner---------------
2023-06-10 15:37:09 INFO  DropdownHelper:42 - Locator : [[ChromeDriver: chrome on WINDOWS (52acae7dd90d68ddc7175ff604714441)] -> id: Tasks_status] Value : In-progress
2023-06-10 15:37:09 INFO  AssignedtaskPage:398 - -------------select task progress------------------
2023-06-10 15:37:09 INFO  ExpiredExternalTaskCreationTest:157 - ----------User select the current progress ---------------
2023-06-10 15:37:09 INFO  ExpiredExternalTaskCreationTest:158 - ----------User select the task milestone ---------------
2023-06-10 15:37:09 INFO  DropdownHelper:42 - Locator : [[ChromeDriver: chrome on WINDOWS (52acae7dd90d68ddc7175ff604714441)] -> id: Tasks_contractor_id] Value : Astle
2023-06-10 15:37:09 INFO  AssignedtaskPage:416 - -------------select task contractor------------------
2023-06-10 15:37:09 INFO  ExpiredExternalTaskCreationTest:161 - ----------User select the task contractors ---------------
2023-06-10 15:37:09 INFO  AssignedtaskPage:421 - -------------enter task email------------------
2023-06-10 15:37:09 INFO  ExpiredExternalTaskCreationTest:163 - -------------user enter task email------------------
2023-06-10 15:37:09 INFO  AssignedtaskPage:426 - -------------enter task description------------------
2023-06-10 15:37:09 INFO  ExpiredExternalTaskCreationTest:165 - -------------user enter task description------------------
2023-06-10 15:37:09 INFO  AssignedtaskPage:431 - -----------Clik the create button-----------
2023-06-10 15:37:09 INFO  ExpiredExternalTaskCreationTest:173 - ----------User click the create button ---------------
]]></system-out>
    <system-err><![CDATA[Jun 10, 2023 3:36:34 PM org.openqa.selenium.remote.DesiredCapabilities chrome
INFO: Using `new ChromeOptions()` is preferred to `DesiredCapabilities.chrome()`
Starting ChromeDriver 114.0.5735.90 (386bc09e8f4f2e025eddae123f36f6263096ae49-refs/branch-heads/5735@{#1052}) on port 33854
Only local connections are allowed.
Please see https://chromedriver.chromium.org/security-considerations for suggestions on keeping ChromeDriver safe.
ChromeDriver was started successfully.
Jun 10, 2023 3:36:35 PM org.openqa.selenium.remote.ProtocolHandshake createSession
INFO: Detected dialect: W3C
]]></system-err>
  </testcase>
  <testcase name="Verifysuccessful[[TestResult name=ExpiredExternalTaskCreation status=SUCCESS method=ExpiredExternalTaskCreationTest.ExpiredExternalTaskCreation(java.lang.String, java.lang.String, java.lang.String, java.lang.String, java.lang.String, java.lang.String, java.lang.String, java.lang.String, java.lang.String, java.lang.String, java.lang.String, java.lang.String, java.lang.String, java.lang.String, java.lang.String, java.lang.String, java.lang.String, java.lang.String, java.lang.String, java.lang.String, java.lang.String, java.lang.String, java.lang.String, java.lang.String, java.lang.String, java.lang.String)[pri:0, instance:com.bhiawpkg.Tests.ExpiredExternalTaskCreationTest@5d534f5d] output={null}]](0)" classname="com.bhiawpkg.Tests.ExpiredExternalTaskCreationTest" time="29.429">
    <failure message="********ExpiredExternalTaskCreation Details added  failed!!************ expected [true] but found [false]" type="java.lang.AssertionError"><![CDATA[java.lang.AssertionError: ********ExpiredExternalTaskCreation Details added  failed!!************ expected [true] but found [false]
	at com.bhiawpkg.Tests.ExpiredExternalTaskCreationTest.Verifysuccessful(ExpiredExternalTaskCreationTest.java:212)
]]></failure>
    <system-out><![CDATA[2023-06-10 15:37:09 INFO  AssignedtaskPage:436 - ----------------verify--------------------
2023-06-10 15:37:09 INFO  ExpiredExternalTaskCreationTest:200 - -------Verifying ExpiredExternalTaskCreation -------
]]></system-out>
  </testcase>
  <testcase name="teardown" classname="com.bhiawpkg.Tests.ExpiredExternalTaskCreationTest" time="0">
    <skipped/>
  </testcase>
  <testcase name="ExpiredTask_AddDailyworkprogress[ASHLYPMS, TODAY(), - - SUBTSK3, 20, TOUGHEN GLASS WORKS, In-progress, dailworkprogress description](1)" classname="com.bhiawpkg.Tests.ExpiredExternalWPRTest" time="41.836">
    <system-out><![CDATA[2023-06-10 15:37:11 INFO  TestBase:61 - -----------Browser is launching---------
2023-06-10 15:37:11 INFO  TestBase:62 - -----------URL is getting---------
2023-06-10 15:37:12 INFO  WaitHelper:26 - 40
2023-06-10 15:37:12 INFO  WaitHelper:31 - 2400
2023-06-10 15:37:12 INFO  TestBase:69 - -----------Application is loaded----------------
2023-06-10 15:37:12 INFO  ExpiredExternalWPRTest:114 - file is getting!!!!!
2023-06-10 15:37:13 INFO  ExpiredExternalWPRTest:125 - Excel data is returned
2023-06-10 15:37:13 INFO  LoginPage:35 - ----------Username is getting------------
2023-06-10 15:37:13 INFO  LoginPage:40 - ----------Password is getting------------
2023-06-10 15:37:15 INFO  LoginPage:45 - ----------Loginbutton is clicked------------
2023-06-10 15:37:15 INFO  ExpiredExternalWPRTest:38 - --------Login is doing------------
2023-06-10 15:37:15 INFO  ExpiredExternalWPRTest:40 - ==============login is sucessful=========================
2023-06-10 15:37:15 INFO  ProjectPage:165 - ----Projects option is clicked------
2023-06-10 15:37:17 INFO  ExpiredExternalWPRTest:44 - -------Clik Project Menu-------
2023-06-10 15:37:19 INFO  ExpiredExternalWPRTest:54 - ******************************WPR  SECTION**********************************
2023-06-10 15:37:19 INFO  ProjectPage:165 - ----Projects option is clicked------
2023-06-10 15:37:19 INFO  ExpiredExternalWPRTest:63 - -------Clik Project Menu-------
2023-06-10 15:37:19 INFO  ExpiredExternalWPRTest:67 - ---click projects menu----
2023-06-10 15:37:19 INFO  MyTaskPage:66 - -------------click my task menu---------------------
2023-06-10 15:37:21 INFO  ExpiredExternalWPRTest:73 - -------------------user click my task menu--------------------------------------
2023-06-10 15:37:27 INFO  DropdownHelper:42 - Locator : [[ChromeDriver: chrome on WINDOWS (a09ff609d344c2b8bd0ecf0b50464319)] -> id: Tasks_project_id] Value : Lourde Hospital
2023-06-10 15:37:27 INFO  MyTaskPage:91 - -----------selct project-------------
2023-06-10 15:37:29 INFO  ExpiredExternalWPRTest:78 - -------------------user select the project--------------------------------------
2023-06-10 15:37:30 INFO  DropdownHelper:42 - Locator : [[ChromeDriver: chrome on WINDOWS (a09ff609d344c2b8bd0ecf0b50464319)] -> xpath: //thead/tr[2]/td[11]/select[1]] Value : In-progress
expiredtask Mon Apr 17 00:00:00 IST 2023
Today date is Sat Jun 10 15:37:32 IST 2023
Today Date is Greater than my date
2023-06-10 15:37:44 INFO  DropdownHelper:42 - Locator : [[ChromeDriver: chrome on WINDOWS (a09ff609d344c2b8bd0ecf0b50464319)] -> xpath: //*[@id='shift_userid']] Value : dinil
2023-06-10 15:37:44 INFO  MyTaskPage:172 - --------------------shift user--------------
2023-06-10 15:37:48 INFO  DropdownHelper:42 - Locator : [[ChromeDriver: chrome on WINDOWS (a09ff609d344c2b8bd0ecf0b50464319)] -> xpath: //*[@id='DailyWorkProgress_current_status']] Value : In-progress
2023-06-10 15:37:48 INFO  WPRPage:191 - --------------------select status--------------
2023-06-10 15:37:48 INFO  ExpiredExternalWPRTest:100 - -------User select the status-------
2023-06-10 15:37:48 INFO  WPRPage:196 - -----------Type description--------------
2023-06-10 15:37:48 INFO  ExpiredExternalWPRTest:102 - -------User type description-------
]]></system-out>
    <system-err><![CDATA[Jun 10, 2023 3:37:10 PM org.openqa.selenium.remote.DesiredCapabilities chrome
INFO: Using `new ChromeOptions()` is preferred to `DesiredCapabilities.chrome()`
Starting ChromeDriver 114.0.5735.90 (386bc09e8f4f2e025eddae123f36f6263096ae49-refs/branch-heads/5735@{#1052}) on port 46568
Only local connections are allowed.
Please see https://chromedriver.chromium.org/security-considerations for suggestions on keeping ChromeDriver safe.
ChromeDriver was started successfully.
Jun 10, 2023 3:37:11 PM org.openqa.selenium.remote.ProtocolHandshake createSession
INFO: Detected dialect: W3C
]]></system-err>
  </testcase>
  <testcase name="ExpiredTask_AddTimeEntry[INT03, TOUGHEN GLASS WORKS, TODAY(), 1, In-progress, 00:01, time entry description](1)" classname="com.bhiawpkg.Tests.ExpiredInternalTaskTest" time="26.479">
    <system-out><![CDATA[2023-06-10 15:38:01 INFO  LogoutPage:28 - user icon is clicked!!!!
2023-06-10 15:38:02 INFO  LogoutPage:33 - user click logout!!!!
2023-06-10 15:38:04 INFO  TestBase:61 - -----------Browser is launching---------
2023-06-10 15:38:04 INFO  TestBase:62 - -----------URL is getting---------
2023-06-10 15:38:06 INFO  WaitHelper:26 - 40
2023-06-10 15:38:06 INFO  WaitHelper:31 - 2400
2023-06-10 15:38:06 INFO  TestBase:69 - -----------Application is loaded----------------
2023-06-10 15:38:06 INFO  ExpiredInternalTaskTest:165 - file is getting!!!!!
2023-06-10 15:38:06 INFO  ExpiredInternalTaskTest:176 - Excel data is returned
2023-06-10 15:38:06 INFO  LoginPage:35 - ----------Username is getting------------
2023-06-10 15:38:06 INFO  LoginPage:40 - ----------Password is getting------------
2023-06-10 15:38:09 INFO  LoginPage:45 - ----------Loginbutton is clicked------------
2023-06-10 15:38:09 INFO  ExpiredInternalTaskTest:36 - --------Login is doing------------
2023-06-10 15:38:11 INFO  ExpiredInternalTaskTest:39 - ==============login is sucessful=========================
2023-06-10 15:38:13 INFO  ProjectPage:165 - ----Projects option is clicked------
2023-06-10 15:38:13 INFO  ExpiredInternalTaskTest:49 - -------Clik Project Menu-------
2023-06-10 15:38:13 INFO  ExpiredInternalTaskTest:54 - ---click projects menu----
2023-06-10 15:38:13 INFO  MyTaskPage:66 - -------------click my task menu---------------------
2023-06-10 15:38:15 INFO  ExpiredInternalTaskTest:59 - -------------------user click my task menu--------------------------------------
2023-06-10 15:38:20 INFO  DropdownHelper:42 - Locator : [[ChromeDriver: chrome on WINDOWS (a7c19809eb519ac83f52e6d5395dc61b)] -> id: Tasks_project_id] Value : Lourde Hospital
2023-06-10 15:38:20 INFO  MyTaskPage:91 - -----------selct project-------------
2023-06-10 15:38:22 INFO  ExpiredInternalTaskTest:64 - -------------------user select the project--------------------------------------
2023-06-10 15:38:26 INFO  DropdownHelper:42 - Locator : [[ChromeDriver: chrome on WINDOWS (a7c19809eb519ac83f52e6d5395dc61b)] -> xpath: //thead/tr[2]/td[11]/select[1]] Value : In-progress
TAsk percentage is 74
TAsk percentage is 5
2023-06-10 15:38:34 INFO  DropdownHelper:42 - Locator : [[ChromeDriver: chrome on WINDOWS (a7c19809eb519ac83f52e6d5395dc61b)] -> xpath: //*[@id='shift_userid']] Value : dinil
2023-06-10 15:38:34 INFO  MyTaskPage:172 - --------------------shift user--------------
2023-06-10 15:38:37 INFO  TimeEntryPage:137 - -------------Enter the time entry progress------------------
2023-06-10 15:38:37 INFO  ExpiredInternalTaskTest:80 - --------user enter the internal task progress ------------------
2023-06-10 15:38:37 INFO  DropdownHelper:42 - Locator : [[ChromeDriver: chrome on WINDOWS (a7c19809eb519ac83f52e6d5395dc61b)] -> id: TimeEntry_current_status] Value : In-progress
2023-06-10 15:38:37 INFO  TimeEntryPage:131 - -------------select the time entry status-------------------
2023-06-10 15:38:37 INFO  ExpiredInternalTaskTest:82 - --------user select the status ------------------
2023-06-10 15:38:37 INFO  TimeEntryPage:148 - -------------Enter the time entry description------------------
2023-06-10 15:38:37 INFO  ExpiredInternalTaskTest:84 - --------user enter the description ------------------
2023-06-10 15:38:37 INFO  TimeEntryPage:158 - -------------click the time entry create button------------------
2023-06-10 15:38:37 INFO  ExpiredInternalTaskTest:86 - --------user clicked the create button ------------------
]]></system-out>
    <system-err><![CDATA[Jun 10, 2023 3:38:03 PM org.openqa.selenium.remote.DesiredCapabilities chrome
INFO: Using `new ChromeOptions()` is preferred to `DesiredCapabilities.chrome()`
Starting ChromeDriver 114.0.5735.90 (386bc09e8f4f2e025eddae123f36f6263096ae49-refs/branch-heads/5735@{#1052}) on port 29416
Only local connections are allowed.
Please see https://chromedriver.chromium.org/security-considerations for suggestions on keeping ChromeDriver safe.
ChromeDriver was started successfully.
Jun 10, 2023 3:38:04 PM org.openqa.selenium.remote.ProtocolHandshake createSession
INFO: Detected dialect: W3C
]]></system-err>
  </testcase>
  <testcase name="DeleteAssignedTask" classname="com.bhiawpkg.Tests.DeleteAssignedTaskTest" time="52.69">
    <system-out><![CDATA[2023-06-10 15:38:39 INFO  LogoutPage:28 - user icon is clicked!!!!
2023-06-10 15:38:40 INFO  LogoutPage:33 - user click logout!!!!
2023-06-10 15:38:42 INFO  TestBase:61 - -----------Browser is launching---------
2023-06-10 15:38:42 INFO  TestBase:62 - -----------URL is getting---------
2023-06-10 15:38:43 INFO  WaitHelper:26 - 40
2023-06-10 15:38:43 INFO  WaitHelper:31 - 2400
2023-06-10 15:38:43 INFO  TestBase:69 - -----------Application is loaded----------------
2023-06-10 15:38:43 INFO  LoginPage:35 - ----------Username is getting------------
2023-06-10 15:38:44 INFO  LoginPage:40 - ----------Password is getting------------
2023-06-10 15:38:46 INFO  LoginPage:45 - ----------Loginbutton is clicked------------
2023-06-10 15:38:46 INFO  AssignedTaskTest:35 - --------Login is doing------------
2023-06-10 15:38:46 INFO  AssignedTaskTest:37 - ==============login is sucessful=========================
2023-06-10 15:38:46 INFO  ProjectPage:165 - ----Projects option is clicked------
2023-06-10 15:38:46 INFO  AssignedTaskTest:46 - -------Clik Project Menu-------
2023-06-10 15:38:46 INFO  AssignedTaskTest:50 - -----Getting the project name-------
2023-06-10 15:38:49 INFO  AssignedtaskPage:153 - ----Assigned task is clicked------
2023-06-10 15:38:49 INFO  AssignedTaskTest:54 - -------User Clik Assigned Tasks-------
2023-06-10 15:38:50 INFO  DropdownHelper:42 - Locator : [[ChromeDriver: chrome on WINDOWS (13dd71758f06fddb037ce93aae941fba)] -> xpath: //*[@id='Tasks_project_id']] Value : PMS
2023-06-10 15:38:50 INFO  AssignedTaskTest:57 - --------user select the project from the table dropdown----------
2023-06-10 15:38:54 INFO  AlertHelper:42 - true
2023-06-10 15:38:54 INFO  AlertHelper:24 - 
2023-06-10 15:38:54 INFO  AlertHelper:55 - 
2023-06-10 15:38:58 INFO  AlertHelper:42 - true
2023-06-10 15:38:58 INFO  AlertHelper:24 - 
2023-06-10 15:38:59 INFO  AlertHelper:55 - 
2023-06-10 15:39:03 INFO  AlertHelper:42 - true
2023-06-10 15:39:03 INFO  AlertHelper:24 - 
2023-06-10 15:39:03 INFO  AlertHelper:55 - 
2023-06-10 15:39:37 INFO  AlertHelper:42 - true
2023-06-10 15:39:37 INFO  AlertHelper:24 - 
2023-06-10 15:39:37 INFO  AlertHelper:55 - 
2023-06-10 15:39:39 INFO  AssignedTaskTest:60 - ---------user click delete button-----------------
]]></system-out>
    <system-err><![CDATA[Jun 10, 2023 3:38:40 PM org.openqa.selenium.remote.DesiredCapabilities chrome
INFO: Using `new ChromeOptions()` is preferred to `DesiredCapabilities.chrome()`
Starting ChromeDriver 114.0.5735.90 (386bc09e8f4f2e025eddae123f36f6263096ae49-refs/branch-heads/5735@{#1052}) on port 22821
Only local connections are allowed.
Please see https://chromedriver.chromium.org/security-considerations for suggestions on keeping ChromeDriver safe.
ChromeDriver was started successfully.
Jun 10, 2023 3:38:42 PM org.openqa.selenium.remote.ProtocolHandshake createSession
INFO: Detected dialect: W3C
]]></system-err>
  </testcase>
</testsuite>