<?xml version="1.0" encoding="UTF-8"?>
<testng-results ignored="0" total="5" passed="5" failed="0" skipped="0">
  <reporter-output>
  </reporter-output>
  <suite started-at="2023-06-10T10:06:07Z" name="ProjemPMS" finished-at="2023-06-10T10:09:45Z" duration-ms="217488">
    <groups>
    </groups>
    <test started-at="2023-06-10T10:06:07Z" name="Regression costmspms" finished-at="2023-06-10T10:09:45Z" duration-ms="217488">
      <class name="com.bhiawpkg.Tests.ExpiredExternalWPRTest">
        <test-method is-config="true" signature="Launchbrowser()[pri:0, instance:com.bhiawpkg.Tests.ExpiredExternalWPRTest@2e3967ea]" started-at="2023-06-10T10:07:10Z" name="Launchbrowser" finished-at="2023-06-10T10:07:12Z" duration-ms="2919" status="PASS">
          <reporter-output>
          </reporter-output>
        </test-method> <!-- Launchbrowser -->
        <test-method is-config="true" signature="Login()[pri:0, instance:com.bhiawpkg.Tests.ExpiredExternalWPRTest@2e3967ea]" started-at="2023-06-10T10:07:13Z" name="Login" finished-at="2023-06-10T10:07:19Z" duration-ms="6657" status="PASS">
          <reporter-output>
          </reporter-output>
        </test-method> <!-- Login -->
        <test-method signature="ExpiredTask_AddDailyworkprogress(java.lang.String, java.lang.String, java.lang.String, java.lang.String, java.lang.String, java.lang.String, java.lang.String)[pri:0, instance:com.bhiawpkg.Tests.ExpiredExternalWPRTest@2e3967ea]" started-at="2023-06-10T10:07:19Z" name="ExpiredTask_AddDailyworkprogress" data-provider="Dailyworkprogres" finished-at="2023-06-10T10:08:01Z" duration-ms="41837" status="PASS">
          <params>
            <param index="0">
              <value>
                <![CDATA[ASHLYPMS]]>
              </value>
            </param>
            <param index="1">
              <value>
                <![CDATA[TODAY()]]>
              </value>
            </param>
            <param index="2">
              <value>
                <![CDATA[- - SUBTSK3]]>
              </value>
            </param>
            <param index="3">
              <value>
                <![CDATA[20]]>
              </value>
            </param>
            <param index="4">
              <value>
                <![CDATA[TOUGHEN GLASS WORKS]]>
              </value>
            </param>
            <param index="5">
              <value>
                <![CDATA[In-progress]]>
              </value>
            </param>
            <param index="6">
              <value>
                <![CDATA[dailworkprogress description]]>
              </value>
            </param>
          </params>
          <reporter-output>
          </reporter-output>
        </test-method> <!-- ExpiredTask_AddDailyworkprogress -->
        <test-method is-config="true" signature="Logout()[pri:0, instance:com.bhiawpkg.Tests.ExpiredExternalWPRTest@2e3967ea]" started-at="2023-06-10T10:08:01Z" name="Logout" finished-at="2023-06-10T10:08:02Z" duration-ms="954" status="PASS">
          <reporter-output>
          </reporter-output>
        </test-method> <!-- Logout -->
        <test-method is-config="true" signature="teardown()[pri:0, instance:com.bhiawpkg.Tests.ExpiredExternalWPRTest@2e3967ea]" started-at="2023-06-10T10:08:02Z" name="teardown" finished-at="2023-06-10T10:08:03Z" duration-ms="690" status="PASS">
          <reporter-output>
          </reporter-output>
        </test-method> <!-- teardown -->
      </class> <!-- com.bhiawpkg.Tests.ExpiredExternalWPRTest -->
      <class name="com.bhiawpkg.Tests.ExpiredInternalTaskTest">
        <test-method is-config="true" signature="Launchbrowser()[pri:0, instance:com.bhiawpkg.Tests.ExpiredInternalTaskTest@70e9c95d]" started-at="2023-06-10T10:08:03Z" name="Launchbrowser" finished-at="2023-06-10T10:08:06Z" duration-ms="2844" status="PASS">
          <reporter-output>
          </reporter-output>
        </test-method> <!-- Launchbrowser -->
        <test-method is-config="true" signature="GetAddTask()[pri:0, instance:com.bhiawpkg.Tests.ExpiredInternalTaskTest@70e9c95d]" started-at="2023-06-10T10:08:06Z" name="GetAddTask" finished-at="2023-06-10T10:08:13Z" duration-ms="6725" status="PASS">
          <reporter-output>
          </reporter-output>
        </test-method> <!-- GetAddTask -->
        <test-method signature="ExpiredTask_AddTimeEntry(java.lang.String, java.lang.String, java.lang.String, java.lang.String, java.lang.String, java.lang.String, java.lang.String)[pri:0, instance:com.bhiawpkg.Tests.ExpiredInternalTaskTest@70e9c95d]" started-at="2023-06-10T10:08:13Z" name="ExpiredTask_AddTimeEntry" description="If the time entry details can add" data-provider="TimeEntry" finished-at="2023-06-10T10:08:39Z" duration-ms="26482" status="PASS">
          <params>
            <param index="0">
              <value>
                <![CDATA[INT03]]>
              </value>
            </param>
            <param index="1">
              <value>
                <![CDATA[TOUGHEN GLASS WORKS]]>
              </value>
            </param>
            <param index="2">
              <value>
                <![CDATA[TODAY()]]>
              </value>
            </param>
            <param index="3">
              <value>
                <![CDATA[1]]>
              </value>
            </param>
            <param index="4">
              <value>
                <![CDATA[In-progress]]>
              </value>
            </param>
            <param index="5">
              <value>
                <![CDATA[00:01]]>
              </value>
            </param>
            <param index="6">
              <value>
                <![CDATA[time entry description]]>
              </value>
            </param>
          </params>
          <reporter-output>
          </reporter-output>
        </test-method> <!-- ExpiredTask_AddTimeEntry -->
        <test-method is-config="true" signature="Logout()[pri:0, instance:com.bhiawpkg.Tests.ExpiredInternalTaskTest@70e9c95d]" started-at="2023-06-10T10:08:39Z" name="Logout" finished-at="2023-06-10T10:08:40Z" duration-ms="795" status="PASS">
          <reporter-output>
          </reporter-output>
        </test-method> <!-- Logout -->
        <test-method is-config="true" signature="teardown()[pri:0, instance:com.bhiawpkg.Tests.ExpiredInternalTaskTest@70e9c95d]" started-at="2023-06-10T10:08:40Z" name="teardown" finished-at="2023-06-10T10:08:40Z" duration-ms="652" status="PASS">
          <reporter-output>
          </reporter-output>
        </test-method> <!-- teardown -->
      </class> <!-- com.bhiawpkg.Tests.ExpiredInternalTaskTest -->
      <class name="com.bhiawpkg.Tests.ExpiredExternalTaskCreationTest">
        <test-method is-config="true" signature="Launchbrowser()[pri:0, instance:com.bhiawpkg.Tests.ExpiredExternalTaskCreationTest@5d534f5d]" started-at="2023-06-10T10:06:34Z" name="Launchbrowser" finished-at="2023-06-10T10:06:37Z" duration-ms="3016" status="PASS">
          <reporter-output>
          </reporter-output>
        </test-method> <!-- Launchbrowser -->
        <test-method is-config="true" signature="GetAddTask()[pri:0, instance:com.bhiawpkg.Tests.ExpiredExternalTaskCreationTest@5d534f5d]" started-at="2023-06-10T10:06:37Z" name="GetAddTask" finished-at="2023-06-10T10:06:40Z" duration-ms="2936" status="PASS">
          <reporter-output>
          </reporter-output>
        </test-method> <!-- GetAddTask -->
        <test-method signature="ExpiredExternalTaskCreation(java.lang.String, java.lang.String, java.lang.String, java.lang.String, java.lang.String, java.lang.String, java.lang.String, java.lang.String, java.lang.String, java.lang.String, java.lang.String, java.lang.String, java.lang.String, java.lang.String, java.lang.String, java.lang.String, java.lang.String, java.lang.String, java.lang.String, java.lang.String, java.lang.String, java.lang.String, java.lang.String, java.lang.String, java.lang.String, java.lang.String)[pri:0, instance:com.bhiawpkg.Tests.ExpiredExternalTaskCreationTest@5d534f5d]" started-at="2023-06-10T10:06:40Z" name="ExpiredExternalTaskCreation" data-provider="Assignedtask" finished-at="2023-06-10T10:07:09Z" duration-ms="29336" status="PASS">
          <params>
            <param index="0">
              <value>
                <![CDATA[ASHLYPMS]]>
              </value>
            </param>
            <param index="1">
              <value>
                <![CDATA[External]]>
              </value>
            </param>
            <param index="2">
              <value>
                <![CDATA[Painting]]>
              </value>
            </param>
            <param index="3">
              <value>
                <![CDATA[Base Painting]]>
              </value>
            </param>
            <param index="4">
              <value>
                <![CDATA[500]]>
              </value>
            </param>
            <param index="5">
              <value>
                <![CDATA[Sq Ft]]>
              </value>
            </param>
            <param index="6">
              <value>
                <![CDATA[200]]>
              </value>
            </param>
            <param index="7">
              <value>
                <![CDATA[100000]]>
              </value>
            </param>
            <param index="8">
              <value>
                <![CDATA[Aluva]]>
              </value>
            </param>
            <param index="9">
              <value>
                <![CDATA[Third floor]]>
              </value>
            </param>
            <param index="10">
              <value>
                <![CDATA[TODAY()]]>
              </value>
            </param>
            <param index="11">
              <value>
                <![CDATA[EDATE(K2,1)]]>
              </value>
            </param>
            <param index="12">
              <value>
                <![CDATA[29]]>
              </value>
            </param>
            <param index="13">
              <value>
                <![CDATA[20.29]]>
              </value>
            </param>
            <param index="14">
              <value>
                <![CDATA[TOUGHEN GLASS WORKS]]>
              </value>
            </param>
            <param index="15">
              <value>
                <![CDATA[29]]>
              </value>
            </param>
            <param index="16">
              <value>
                <![CDATA[18]]>
              </value>
            </param>
            <param index="17">
              <value>
                <![CDATA[Medium]]>
              </value>
            </param>
            <param index="18">
              <value>
                <![CDATA[dinil]]>
              </value>
            </param>
            <param index="19">
              <value>
                <![CDATA[BHI Developer]]>
              </value>
            </param>
            <param index="20">
              <value>
                <![CDATA[BHI Developer]]>
              </value>
            </param>
            <param index="21">
              <value>
                <![CDATA[In-progress]]>
              </value>
            </param>
            <param index="22">
              <value>
                <![CDATA[PRODUCTION]]>
              </value>
            </param>
            <param index="23">
              <value>
                <![CDATA[Astle]]>
              </value>
            </param>
            <param index="24">
              <value>
                <![CDATA[divya.abish1003@gmail.com]]>
              </value>
            </param>
            <param index="25">
              <value>
                <![CDATA[tes descr]]>
              </value>
            </param>
          </params>
          <reporter-output>
          </reporter-output>
        </test-method> <!-- ExpiredExternalTaskCreation -->
        <test-method is-config="true" signature="Verifysuccessful(org.testng.ITestResult)[pri:0, instance:com.bhiawpkg.Tests.ExpiredExternalTaskCreationTest@5d534f5d]" started-at="2023-06-10T10:07:09Z" name="Verifysuccessful" finished-at="2023-06-10T10:07:10Z" duration-ms="97" status="FAIL">
          <params>
            <param index="0">
              <value>
                <![CDATA[[TestResult name=ExpiredExternalTaskCreation status=SUCCESS method=ExpiredExternalTaskCreationTest.ExpiredExternalTaskCreation(java.lang.String, java.lang.String, java.lang.String, java.lang.String, java.lang.String, java.lang.String, java.lang.String, java.lang.String, java.lang.String, java.lang.String, java.lang.String, java.lang.String, java.lang.String, java.lang.String, java.lang.String, java.lang.String, java.lang.String, java.lang.String, java.lang.String, java.lang.String, java.lang.String, java.lang.String, java.lang.String, java.lang.String, java.lang.String, java.lang.String)[pri:0, instance:com.bhiawpkg.Tests.ExpiredExternalTaskCreationTest@5d534f5d] output={null}]]]>
              </value>
            </param>
          </params>
          <exception class="java.lang.AssertionError">
            <message>
              <![CDATA[********ExpiredExternalTaskCreation Details added  failed!!************ expected [true] but found [false]]]>
            </message>
            <full-stacktrace>
              <![CDATA[java.lang.AssertionError: ********ExpiredExternalTaskCreation Details added  failed!!************ expected [true] but found [false]
at org.testng.Assert.fail(Assert.java:96)
at org.testng.Assert.failNotEquals(Assert.java:776)
at org.testng.Assert.assertTrue(Assert.java:44)
at com.bhiawpkg.Tests.ExpiredExternalTaskCreationTest.Verifysuccessful(ExpiredExternalTaskCreationTest.java:212)
at java.base/jdk.internal.reflect.NativeMethodAccessorImpl.invoke0(Native Method)
at java.base/jdk.internal.reflect.NativeMethodAccessorImpl.invoke(NativeMethodAccessorImpl.java:62)
at java.base/jdk.internal.reflect.DelegatingMethodAccessorImpl.invoke(DelegatingMethodAccessorImpl.java:43)
at java.base/java.lang.reflect.Method.invoke(Method.java:566)
at org.testng.internal.MethodInvocationHelper.invokeMethod(MethodInvocationHelper.java:124)
at org.testng.internal.MethodInvocationHelper.invokeMethodConsideringTimeout(MethodInvocationHelper.java:59)
at org.testng.internal.Invoker.invokeConfigurationMethod(Invoker.java:458)
at org.testng.internal.Invoker.invokeConfigurations(Invoker.java:222)
at org.testng.internal.Invoker.invokeMethod(Invoker.java:646)
at org.testng.internal.Invoker.invokeTestMethod(Invoker.java:719)
at org.testng.internal.Invoker.invokeTestMethods(Invoker.java:989)
at org.testng.internal.TestMethodWorker.invokeTestMethods(TestMethodWorker.java:125)
at org.testng.internal.TestMethodWorker.run(TestMethodWorker.java:109)
at org.testng.TestRunner.privateRun(TestRunner.java:648)
at org.testng.TestRunner.run(TestRunner.java:505)
at org.testng.SuiteRunner.runTest(SuiteRunner.java:455)
at org.testng.SuiteRunner.runSequentially(SuiteRunner.java:450)
at org.testng.SuiteRunner.privateRun(SuiteRunner.java:415)
at org.testng.SuiteRunner.run(SuiteRunner.java:364)
at org.testng.SuiteRunnerWorker.runSuite(SuiteRunnerWorker.java:52)
at org.testng.SuiteRunnerWorker.run(SuiteRunnerWorker.java:84)
at org.testng.TestNG.runSuitesSequentially(TestNG.java:1208)
at org.testng.TestNG.runSuitesLocally(TestNG.java:1137)
at org.testng.TestNG.runSuites(TestNG.java:1049)
at org.testng.TestNG.run(TestNG.java:1017)
at org.apache.maven.surefire.testng.TestNGExecutor.run(TestNGExecutor.java:284)
at org.apache.maven.surefire.testng.TestNGXmlTestSuite.execute(TestNGXmlTestSuite.java:75)
at org.apache.maven.surefire.testng.TestNGProvider.invoke(TestNGProvider.java:119)
at org.apache.maven.surefire.booter.ForkedBooter.runSuitesInProcess(ForkedBooter.java:428)
at org.apache.maven.surefire.booter.ForkedBooter.execute(ForkedBooter.java:162)
at org.apache.maven.surefire.booter.ForkedBooter.run(ForkedBooter.java:562)
at org.apache.maven.surefire.booter.ForkedBooter.main(ForkedBooter.java:548)
]]>
            </full-stacktrace>
          </exception> <!-- java.lang.AssertionError -->
          <reporter-output>
          </reporter-output>
        </test-method> <!-- Verifysuccessful -->
        <test-method is-config="true" signature="teardown()[pri:0, instance:com.bhiawpkg.Tests.ExpiredExternalTaskCreationTest@5d534f5d]" started-at="2023-06-10T10:07:10Z" name="teardown" finished-at="2023-06-10T10:07:10Z" duration-ms="0" status="SKIP">
          <reporter-output>
          </reporter-output>
        </test-method> <!-- teardown -->
      </class> <!-- com.bhiawpkg.Tests.ExpiredExternalTaskCreationTest -->
      <class name="com.bhiawpkg.Tests.ExpiredInternalTaskCreationTest">
        <test-method is-config="true" signature="Launchbrowser()[pri:0, instance:com.bhiawpkg.Tests.ExpiredInternalTaskCreationTest@576d5deb]" started-at="2023-06-10T10:06:07Z" name="Launchbrowser" finished-at="2023-06-10T10:06:13Z" duration-ms="6189" status="PASS">
          <reporter-output>
          </reporter-output>
        </test-method> <!-- Launchbrowser -->
        <test-method is-config="true" signature="GetAddTask()[pri:0, instance:com.bhiawpkg.Tests.ExpiredInternalTaskCreationTest@576d5deb]" started-at="2023-06-10T10:06:15Z" name="GetAddTask" finished-at="2023-06-10T10:06:20Z" duration-ms="4612" status="PASS">
          <reporter-output>
          </reporter-output>
        </test-method> <!-- GetAddTask -->
        <test-method signature="ExpiredInternalTaskCreation(java.lang.String, java.lang.String, java.lang.String, java.lang.String, java.lang.String, java.lang.String, java.lang.String, java.lang.String, java.lang.String, java.lang.String, java.lang.String, java.lang.String, java.lang.String, java.lang.String, java.lang.String, java.lang.String, java.lang.String, java.lang.String, java.lang.String, java.lang.String, java.lang.String, java.lang.String, java.lang.String, java.lang.String, java.lang.String, java.lang.String)[pri:0, instance:com.bhiawpkg.Tests.ExpiredInternalTaskCreationTest@576d5deb]" started-at="2023-06-10T10:06:20Z" name="ExpiredInternalTaskCreation" data-provider="Assignedtask" finished-at="2023-06-10T10:06:33Z" duration-ms="13913" status="PASS">
          <params>
            <param index="0">
              <value>
                <![CDATA[ASHLYPMS]]>
              </value>
            </param>
            <param index="1">
              <value>
                <![CDATA[Internal]]>
              </value>
            </param>
            <param index="2">
              <value>
                <![CDATA[Painting]]>
              </value>
            </param>
            <param index="3">
              <value>
                <![CDATA[INT03]]>
              </value>
            </param>
            <param index="4">
              <value>
                <![CDATA[500]]>
              </value>
            </param>
            <param index="5">
              <value>
                <![CDATA[Sq Ft]]>
              </value>
            </param>
            <param index="6">
              <value>
                <![CDATA[200]]>
              </value>
            </param>
            <param index="7">
              <value>
                <![CDATA[100000]]>
              </value>
            </param>
            <param index="8">
              <value>
                <![CDATA[Aluva]]>
              </value>
            </param>
            <param index="9">
              <value>
                <![CDATA[Third floor]]>
              </value>
            </param>
            <param index="10">
              <value>
                <![CDATA[TODAY()]]>
              </value>
            </param>
            <param index="11">
              <value>
                <![CDATA[EDATE(K2,1)]]>
              </value>
            </param>
            <param index="12">
              <value>
                <![CDATA[29]]>
              </value>
            </param>
            <param index="13">
              <value>
                <![CDATA[20.86]]>
              </value>
            </param>
            <param index="14">
              <value>
                <![CDATA[TOUGHEN GLASS WORKS]]>
              </value>
            </param>
            <param index="15">
              <value>
                <![CDATA[20]]>
              </value>
            </param>
            <param index="16">
              <value>
                <![CDATA[18]]>
              </value>
            </param>
            <param index="17">
              <value>
                <![CDATA[Medium]]>
              </value>
            </param>
            <param index="18">
              <value>
                <![CDATA[dinil]]>
              </value>
            </param>
            <param index="19">
              <value>
                <![CDATA[BHI Developer]]>
              </value>
            </param>
            <param index="20">
              <value>
                <![CDATA[BHI Developer]]>
              </value>
            </param>
            <param index="21">
              <value>
                <![CDATA[In-progress]]>
              </value>
            </param>
            <param index="22">
              <value>
                <![CDATA[PRODUCTION]]>
              </value>
            </param>
            <param index="23">
              <value>
                <![CDATA[Astle]]>
              </value>
            </param>
            <param index="24">
              <value>
                <![CDATA[divya.an@blueINFRAinfotech.com]]>
              </value>
            </param>
            <param index="25">
              <value>
                <![CDATA[should complete as early as possible]]>
              </value>
            </param>
          </params>
          <reporter-output>
          </reporter-output>
        </test-method> <!-- ExpiredInternalTaskCreation -->
        <test-method is-config="true" signature="Verifysuccessful(org.testng.ITestResult)[pri:0, instance:com.bhiawpkg.Tests.ExpiredInternalTaskCreationTest@576d5deb]" started-at="2023-06-10T10:06:33Z" name="Verifysuccessful" finished-at="2023-06-10T10:06:34Z" duration-ms="114" status="FAIL">
          <params>
            <param index="0">
              <value>
                <![CDATA[[TestResult name=ExpiredInternalTaskCreation status=SUCCESS method=ExpiredInternalTaskCreationTest.ExpiredInternalTaskCreation(java.lang.String, java.lang.String, java.lang.String, java.lang.String, java.lang.String, java.lang.String, java.lang.String, java.lang.String, java.lang.String, java.lang.String, java.lang.String, java.lang.String, java.lang.String, java.lang.String, java.lang.String, java.lang.String, java.lang.String, java.lang.String, java.lang.String, java.lang.String, java.lang.String, java.lang.String, java.lang.String, java.lang.String, java.lang.String, java.lang.String)[pri:0, instance:com.bhiawpkg.Tests.ExpiredInternalTaskCreationTest@576d5deb] output={null}]]]>
              </value>
            </param>
          </params>
          <exception class="java.lang.AssertionError">
            <message>
              <![CDATA[********ExpiredInternalTaskCreation Details added  failed!!************ expected [true] but found [false]]]>
            </message>
            <full-stacktrace>
              <![CDATA[java.lang.AssertionError: ********ExpiredInternalTaskCreation Details added  failed!!************ expected [true] but found [false]
at org.testng.Assert.fail(Assert.java:96)
at org.testng.Assert.failNotEquals(Assert.java:776)
at org.testng.Assert.assertTrue(Assert.java:44)
at com.bhiawpkg.Tests.ExpiredInternalTaskCreationTest.Verifysuccessful(ExpiredInternalTaskCreationTest.java:211)
at java.base/jdk.internal.reflect.NativeMethodAccessorImpl.invoke0(Native Method)
at java.base/jdk.internal.reflect.NativeMethodAccessorImpl.invoke(NativeMethodAccessorImpl.java:62)
at java.base/jdk.internal.reflect.DelegatingMethodAccessorImpl.invoke(DelegatingMethodAccessorImpl.java:43)
at java.base/java.lang.reflect.Method.invoke(Method.java:566)
at org.testng.internal.MethodInvocationHelper.invokeMethod(MethodInvocationHelper.java:124)
at org.testng.internal.MethodInvocationHelper.invokeMethodConsideringTimeout(MethodInvocationHelper.java:59)
at org.testng.internal.Invoker.invokeConfigurationMethod(Invoker.java:458)
at org.testng.internal.Invoker.invokeConfigurations(Invoker.java:222)
at org.testng.internal.Invoker.invokeMethod(Invoker.java:646)
at org.testng.internal.Invoker.invokeTestMethod(Invoker.java:719)
at org.testng.internal.Invoker.invokeTestMethods(Invoker.java:989)
at org.testng.internal.TestMethodWorker.invokeTestMethods(TestMethodWorker.java:125)
at org.testng.internal.TestMethodWorker.run(TestMethodWorker.java:109)
at org.testng.TestRunner.privateRun(TestRunner.java:648)
at org.testng.TestRunner.run(TestRunner.java:505)
at org.testng.SuiteRunner.runTest(SuiteRunner.java:455)
at org.testng.SuiteRunner.runSequentially(SuiteRunner.java:450)
at org.testng.SuiteRunner.privateRun(SuiteRunner.java:415)
at org.testng.SuiteRunner.run(SuiteRunner.java:364)
at org.testng.SuiteRunnerWorker.runSuite(SuiteRunnerWorker.java:52)
at org.testng.SuiteRunnerWorker.run(SuiteRunnerWorker.java:84)
at org.testng.TestNG.runSuitesSequentially(TestNG.java:1208)
at org.testng.TestNG.runSuitesLocally(TestNG.java:1137)
at org.testng.TestNG.runSuites(TestNG.java:1049)
at org.testng.TestNG.run(TestNG.java:1017)
at org.apache.maven.surefire.testng.TestNGExecutor.run(TestNGExecutor.java:284)
at org.apache.maven.surefire.testng.TestNGXmlTestSuite.execute(TestNGXmlTestSuite.java:75)
at org.apache.maven.surefire.testng.TestNGProvider.invoke(TestNGProvider.java:119)
at org.apache.maven.surefire.booter.ForkedBooter.runSuitesInProcess(ForkedBooter.java:428)
at org.apache.maven.surefire.booter.ForkedBooter.execute(ForkedBooter.java:162)
at org.apache.maven.surefire.booter.ForkedBooter.run(ForkedBooter.java:562)
at org.apache.maven.surefire.booter.ForkedBooter.main(ForkedBooter.java:548)
]]>
            </full-stacktrace>
          </exception> <!-- java.lang.AssertionError -->
          <reporter-output>
          </reporter-output>
        </test-method> <!-- Verifysuccessful -->
        <test-method is-config="true" signature="teardown()[pri:0, instance:com.bhiawpkg.Tests.ExpiredInternalTaskCreationTest@576d5deb]" started-at="2023-06-10T10:06:34Z" name="teardown" finished-at="2023-06-10T10:06:34Z" duration-ms="0" status="SKIP">
          <reporter-output>
          </reporter-output>
        </test-method> <!-- teardown -->
      </class> <!-- com.bhiawpkg.Tests.ExpiredInternalTaskCreationTest -->
      <class name="com.bhiawpkg.Tests.DeleteAssignedTaskTest">
        <test-method is-config="true" signature="Launchbrowser()[pri:0, instance:com.bhiawpkg.Tests.DeleteAssignedTaskTest@4d5650ae]" started-at="2023-06-10T10:08:40Z" name="Launchbrowser" finished-at="2023-06-10T10:08:43Z" duration-ms="2864" status="PASS">
          <reporter-output>
          </reporter-output>
        </test-method> <!-- Launchbrowser -->
        <test-method is-config="true" signature="Login()[pri:0, instance:com.bhiawpkg.Tests.DeleteAssignedTaskTest@4d5650ae]" started-at="2023-06-10T10:08:43Z" name="Login" finished-at="2023-06-10T10:08:46Z" duration-ms="2954" status="PASS">
          <reporter-output>
          </reporter-output>
        </test-method> <!-- Login -->
        <test-method signature="DeleteAssignedTask()[pri:0, instance:com.bhiawpkg.Tests.DeleteAssignedTaskTest@4d5650ae]" started-at="2023-06-10T10:08:46Z" name="DeleteAssignedTask" finished-at="2023-06-10T10:09:39Z" duration-ms="52691" status="PASS">
          <reporter-output>
          </reporter-output>
        </test-method> <!-- DeleteAssignedTask -->
        <test-method is-config="true" signature="Verifysuccessful(org.testng.ITestResult)[pri:0, instance:com.bhiawpkg.Tests.DeleteAssignedTaskTest@4d5650ae]" started-at="2023-06-10T10:09:39Z" name="Verifysuccessful" finished-at="2023-06-10T10:09:44Z" duration-ms="4992" status="PASS">
          <params>
            <param index="0">
              <value>
                <![CDATA[[TestResult name=DeleteAssignedTask status=SUCCESS method=DeleteAssignedTaskTest.DeleteAssignedTask()[pri:0, instance:com.bhiawpkg.Tests.DeleteAssignedTaskTest@4d5650ae] output={null}]]]>
              </value>
            </param>
          </params>
          <reporter-output>
          </reporter-output>
        </test-method> <!-- Verifysuccessful -->
        <test-method is-config="true" signature="teardown()[pri:0, instance:com.bhiawpkg.Tests.DeleteAssignedTaskTest@4d5650ae]" started-at="2023-06-10T10:09:44Z" name="teardown" finished-at="2023-06-10T10:09:45Z" duration-ms="714" status="PASS">
          <reporter-output>
          </reporter-output>
        </test-method> <!-- teardown -->
      </class> <!-- com.bhiawpkg.Tests.DeleteAssignedTaskTest -->
    </test> <!-- Regression costmspms -->
  </suite> <!-- ProjemPMS -->
</testng-results>
