-------------------------------------------------------------------------------
Test set: TestSuite
-------------------------------------------------------------------------------
Tests run: 9, Failures: 2, Errors: 0, Skipped: 2, Time elapsed: 218.205 s <<< FAILURE! - in TestSuite
com.bhiawpkg.Tests.ExpiredInternalTaskCreationTest.Verifysuccessful[[TestResult name=ExpiredInternalTaskCreation status=SUCCESS method=ExpiredInternalTaskCreationTest.ExpiredInternalTaskCreation(java.lang.String, java.lang.String, java.lang.String, java.lang.String, java.lang.String, java.lang.String, java.lang.String, java.lang.String, java.lang.String, java.lang.String, java.lang.String, java.lang.String, java.lang.String, java.lang.String, java.lang.String, java.lang.String, java.lang.String, java.lang.String, java.lang.String, java.lang.String, java.lang.String, java.lang.String, java.lang.String, java.lang.String, java.lang.String, java.lang.String)[pri:0, instance:com.bhiawpkg.Tests.ExpiredInternalTaskCreationTest@576d5deb] output={null}]](0)  Time elapsed: 14.025 s  <<< FAILURE!
java.lang.AssertionError: ********ExpiredInternalTaskCreation Details added  failed!!************ expected [true] but found [false]
	at com.bhiawpkg.Tests.ExpiredInternalTaskCreationTest.Verifysuccessful(ExpiredInternalTaskCreationTest.java:211)

com.bhiawpkg.Tests.ExpiredExternalTaskCreationTest.Verifysuccessful[[TestResult name=ExpiredExternalTaskCreation status=SUCCESS method=ExpiredExternalTaskCreationTest.ExpiredExternalTaskCreation(java.lang.String, java.lang.String, java.lang.String, java.lang.String, java.lang.String, java.lang.String, java.lang.String, java.lang.String, java.lang.String, java.lang.String, java.lang.String, java.lang.String, java.lang.String, java.lang.String, java.lang.String, java.lang.String, java.lang.String, java.lang.String, java.lang.String, java.lang.String, java.lang.String, java.lang.String, java.lang.String, java.lang.String, java.lang.String, java.lang.String)[pri:0, instance:com.bhiawpkg.Tests.ExpiredExternalTaskCreationTest@5d534f5d] output={null}]](0)  Time elapsed: 29.429 s  <<< FAILURE!
java.lang.AssertionError: ********ExpiredExternalTaskCreation Details added  failed!!************ expected [true] but found [false]
	at com.bhiawpkg.Tests.ExpiredExternalTaskCreationTest.Verifysuccessful(ExpiredExternalTaskCreationTest.java:212)

