<?xml version="1.0" encoding="UTF-8"?>
<testng-results ignored="0" total="5" passed="5" failed="0" skipped="0">
  <reporter-output>
  </reporter-output>
  <suite started-at="2023-06-20T05:02:53Z" name="ProjemPMS" finished-at="2023-06-20T05:07:36Z" duration-ms="282593">
    <groups>
    </groups>
    <test started-at="2023-06-20T05:02:53Z" name="Regression costmspms" finished-at="2023-06-20T05:07:36Z" duration-ms="282593">
      <class name="com.bhiawpkg.Tests.ExpiredExternalWPRTest">
        <test-method is-config="true" signature="Launchbrowser()[pri:0, instance:com.bhiawpkg.Tests.ExpiredExternalWPRTest@5d534f5d]" started-at="2023-06-20T05:04:42Z" name="Launchbrowser" finished-at="2023-06-20T05:04:45Z" duration-ms="3363" status="PASS">
          <reporter-output>
          </reporter-output>
        </test-method> <!-- Launchbrowser -->
        <test-method is-config="true" signature="Login()[pri:0, instance:com.bhiawpkg.Tests.ExpiredExternalWPRTest@5d534f5d]" started-at="2023-06-20T05:04:45Z" name="Login" finished-at="2023-06-20T05:04:53Z" duration-ms="7436" status="PASS">
          <reporter-output>
          </reporter-output>
        </test-method> <!-- Login -->
        <test-method signature="ExpiredTask_AddDailyworkprogress(java.lang.String, java.lang.String, java.lang.String, java.lang.String, java.lang.String, java.lang.String, java.lang.String)[pri:0, instance:com.bhiawpkg.Tests.ExpiredExternalWPRTest@5d534f5d]" started-at="2023-06-20T05:04:53Z" name="ExpiredTask_AddDailyworkprogress" data-provider="Dailyworkprogres" finished-at="2023-06-20T05:05:36Z" duration-ms="43699" status="PASS">
          <params>
            <param index="0">
              <value>
                <![CDATA[ASHLYPMS]]>
              </value>
            </param>
            <param index="1">
              <value>
                <![CDATA[TODAY()]]>
              </value>
            </param>
            <param index="2">
              <value>
                <![CDATA[- - SUBTSK3]]>
              </value>
            </param>
            <param index="3">
              <value>
                <![CDATA[20]]>
              </value>
            </param>
            <param index="4">
              <value>
                <![CDATA[TOUGHEN GLASS WORKS]]>
              </value>
            </param>
            <param index="5">
              <value>
                <![CDATA[In-progress]]>
              </value>
            </param>
            <param index="6">
              <value>
                <![CDATA[dailworkprogress description]]>
              </value>
            </param>
          </params>
          <reporter-output>
          </reporter-output>
        </test-method> <!-- ExpiredTask_AddDailyworkprogress -->
        <test-method is-config="true" signature="Logout()[pri:0, instance:com.bhiawpkg.Tests.ExpiredExternalWPRTest@5d534f5d]" started-at="2023-06-20T05:05:36Z" name="Logout" finished-at="2023-06-20T05:05:41Z" duration-ms="4440" status="PASS">
          <reporter-output>
          </reporter-output>
        </test-method> <!-- Logout -->
        <test-method is-config="true" signature="teardown()[pri:0, instance:com.bhiawpkg.Tests.ExpiredExternalWPRTest@5d534f5d]" started-at="2023-06-20T05:05:41Z" name="teardown" finished-at="2023-06-20T05:05:41Z" duration-ms="697" status="PASS">
          <reporter-output>
          </reporter-output>
        </test-method> <!-- teardown -->
      </class> <!-- com.bhiawpkg.Tests.ExpiredExternalWPRTest -->
      <class name="com.bhiawpkg.Tests.ExpiredExternalTaskCreationTest">
        <test-method is-config="true" signature="Launchbrowser()[pri:0, instance:com.bhiawpkg.Tests.ExpiredExternalTaskCreationTest@576d5deb]" started-at="2023-06-20T05:04:02Z" name="Launchbrowser" finished-at="2023-06-20T05:04:04Z" duration-ms="2895" status="PASS">
          <reporter-output>
          </reporter-output>
        </test-method> <!-- Launchbrowser -->
        <test-method is-config="true" signature="GetAddTask()[pri:0, instance:com.bhiawpkg.Tests.ExpiredExternalTaskCreationTest@576d5deb]" started-at="2023-06-20T05:04:05Z" name="GetAddTask" finished-at="2023-06-20T05:04:08Z" duration-ms="3295" status="PASS">
          <reporter-output>
          </reporter-output>
        </test-method> <!-- GetAddTask -->
        <test-method signature="ExpiredExternalTaskCreation(java.lang.String, java.lang.String, java.lang.String, java.lang.String, java.lang.String, java.lang.String, java.lang.String, java.lang.String, java.lang.String, java.lang.String, java.lang.String, java.lang.String, java.lang.String, java.lang.String, java.lang.String, java.lang.String, java.lang.String, java.lang.String, java.lang.String, java.lang.String, java.lang.String, java.lang.String, java.lang.String, java.lang.String, java.lang.String, java.lang.String)[pri:0, instance:com.bhiawpkg.Tests.ExpiredExternalTaskCreationTest@576d5deb]" started-at="2023-06-20T05:04:08Z" name="ExpiredExternalTaskCreation" data-provider="Assignedtask" finished-at="2023-06-20T05:04:41Z" duration-ms="33049" status="PASS">
          <params>
            <param index="0">
              <value>
                <![CDATA[ASHLYPMS]]>
              </value>
            </param>
            <param index="1">
              <value>
                <![CDATA[External]]>
              </value>
            </param>
            <param index="2">
              <value>
                <![CDATA[Painting]]>
              </value>
            </param>
            <param index="3">
              <value>
                <![CDATA[Base Painting]]>
              </value>
            </param>
            <param index="4">
              <value>
                <![CDATA[500]]>
              </value>
            </param>
            <param index="5">
              <value>
                <![CDATA[Sq Ft]]>
              </value>
            </param>
            <param index="6">
              <value>
                <![CDATA[200]]>
              </value>
            </param>
            <param index="7">
              <value>
                <![CDATA[100000]]>
              </value>
            </param>
            <param index="8">
              <value>
                <![CDATA[Aluva]]>
              </value>
            </param>
            <param index="9">
              <value>
                <![CDATA[Third floor]]>
              </value>
            </param>
            <param index="10">
              <value>
                <![CDATA[TODAY()]]>
              </value>
            </param>
            <param index="11">
              <value>
                <![CDATA[EDATE(K2,1)]]>
              </value>
            </param>
            <param index="12">
              <value>
                <![CDATA[29]]>
              </value>
            </param>
            <param index="13">
              <value>
                <![CDATA[20.29]]>
              </value>
            </param>
            <param index="14">
              <value>
                <![CDATA[TOUGHEN GLASS WORKS]]>
              </value>
            </param>
            <param index="15">
              <value>
                <![CDATA[29]]>
              </value>
            </param>
            <param index="16">
              <value>
                <![CDATA[18]]>
              </value>
            </param>
            <param index="17">
              <value>
                <![CDATA[Medium]]>
              </value>
            </param>
            <param index="18">
              <value>
                <![CDATA[dinil]]>
              </value>
            </param>
            <param index="19">
              <value>
                <![CDATA[BHI Developer]]>
              </value>
            </param>
            <param index="20">
              <value>
                <![CDATA[BHI Developer]]>
              </value>
            </param>
            <param index="21">
              <value>
                <![CDATA[In-progress]]>
              </value>
            </param>
            <param index="22">
              <value>
                <![CDATA[PRODUCTION]]>
              </value>
            </param>
            <param index="23">
              <value>
                <![CDATA[Astle]]>
              </value>
            </param>
            <param index="24">
              <value>
                <![CDATA[divya.abish1003@gmail.com]]>
              </value>
            </param>
            <param index="25">
              <value>
                <![CDATA[tes descr]]>
              </value>
            </param>
          </params>
          <reporter-output>
          </reporter-output>
        </test-method> <!-- ExpiredExternalTaskCreation -->
        <test-method is-config="true" signature="Verifysuccessful(org.testng.ITestResult)[pri:0, instance:com.bhiawpkg.Tests.ExpiredExternalTaskCreationTest@576d5deb]" started-at="2023-06-20T05:04:41Z" name="Verifysuccessful" finished-at="2023-06-20T05:04:42Z" duration-ms="108" status="FAIL">
          <params>
            <param index="0">
              <value>
                <![CDATA[[TestResult name=ExpiredExternalTaskCreation status=SUCCESS method=ExpiredExternalTaskCreationTest.ExpiredExternalTaskCreation(java.lang.String, java.lang.String, java.lang.String, java.lang.String, java.lang.String, java.lang.String, java.lang.String, java.lang.String, java.lang.String, java.lang.String, java.lang.String, java.lang.String, java.lang.String, java.lang.String, java.lang.String, java.lang.String, java.lang.String, java.lang.String, java.lang.String, java.lang.String, java.lang.String, java.lang.String, java.lang.String, java.lang.String, java.lang.String, java.lang.String)[pri:0, instance:com.bhiawpkg.Tests.ExpiredExternalTaskCreationTest@576d5deb] output={null}]]]>
              </value>
            </param>
          </params>
          <exception class="java.lang.AssertionError">
            <message>
              <![CDATA[********ExpiredExternalTaskCreation Details added  failed!!************ expected [true] but found [false]]]>
            </message>
            <full-stacktrace>
              <![CDATA[java.lang.AssertionError: ********ExpiredExternalTaskCreation Details added  failed!!************ expected [true] but found [false]
at org.testng.Assert.fail(Assert.java:96)
at org.testng.Assert.failNotEquals(Assert.java:776)
at org.testng.Assert.assertTrue(Assert.java:44)
at com.bhiawpkg.Tests.ExpiredExternalTaskCreationTest.Verifysuccessful(ExpiredExternalTaskCreationTest.java:212)
at java.base/jdk.internal.reflect.NativeMethodAccessorImpl.invoke0(Native Method)
at java.base/jdk.internal.reflect.NativeMethodAccessorImpl.invoke(NativeMethodAccessorImpl.java:62)
at java.base/jdk.internal.reflect.DelegatingMethodAccessorImpl.invoke(DelegatingMethodAccessorImpl.java:43)
at java.base/java.lang.reflect.Method.invoke(Method.java:566)
at org.testng.internal.MethodInvocationHelper.invokeMethod(MethodInvocationHelper.java:124)
at org.testng.internal.MethodInvocationHelper.invokeMethodConsideringTimeout(MethodInvocationHelper.java:59)
at org.testng.internal.Invoker.invokeConfigurationMethod(Invoker.java:458)
at org.testng.internal.Invoker.invokeConfigurations(Invoker.java:222)
at org.testng.internal.Invoker.invokeMethod(Invoker.java:646)
at org.testng.internal.Invoker.invokeTestMethod(Invoker.java:719)
at org.testng.internal.Invoker.invokeTestMethods(Invoker.java:989)
at org.testng.internal.TestMethodWorker.invokeTestMethods(TestMethodWorker.java:125)
at org.testng.internal.TestMethodWorker.run(TestMethodWorker.java:109)
at org.testng.TestRunner.privateRun(TestRunner.java:648)
at org.testng.TestRunner.run(TestRunner.java:505)
at org.testng.SuiteRunner.runTest(SuiteRunner.java:455)
at org.testng.SuiteRunner.runSequentially(SuiteRunner.java:450)
at org.testng.SuiteRunner.privateRun(SuiteRunner.java:415)
at org.testng.SuiteRunner.run(SuiteRunner.java:364)
at org.testng.SuiteRunnerWorker.runSuite(SuiteRunnerWorker.java:52)
at org.testng.SuiteRunnerWorker.run(SuiteRunnerWorker.java:84)
at org.testng.TestNG.runSuitesSequentially(TestNG.java:1208)
at org.testng.TestNG.runSuitesLocally(TestNG.java:1137)
at org.testng.TestNG.runSuites(TestNG.java:1049)
at org.testng.TestNG.run(TestNG.java:1017)
at org.apache.maven.surefire.testng.TestNGExecutor.run(TestNGExecutor.java:284)
at org.apache.maven.surefire.testng.TestNGXmlTestSuite.execute(TestNGXmlTestSuite.java:75)
at org.apache.maven.surefire.testng.TestNGProvider.invoke(TestNGProvider.java:119)
at org.apache.maven.surefire.booter.ForkedBooter.runSuitesInProcess(ForkedBooter.java:428)
at org.apache.maven.surefire.booter.ForkedBooter.execute(ForkedBooter.java:162)
at org.apache.maven.surefire.booter.ForkedBooter.run(ForkedBooter.java:562)
at org.apache.maven.surefire.booter.ForkedBooter.main(ForkedBooter.java:548)
]]>
            </full-stacktrace>
          </exception> <!-- java.lang.AssertionError -->
          <reporter-output>
          </reporter-output>
        </test-method> <!-- Verifysuccessful -->
        <test-method is-config="true" signature="teardown()[pri:0, instance:com.bhiawpkg.Tests.ExpiredExternalTaskCreationTest@576d5deb]" started-at="2023-06-20T05:04:42Z" name="teardown" finished-at="2023-06-20T05:04:42Z" duration-ms="0" status="SKIP">
          <reporter-output>
          </reporter-output>
        </test-method> <!-- teardown -->
      </class> <!-- com.bhiawpkg.Tests.ExpiredExternalTaskCreationTest -->
      <class name="com.bhiawpkg.Tests.ExpiredInternalTaskTest">
        <test-method is-config="true" signature="Launchbrowser()[pri:0, instance:com.bhiawpkg.Tests.ExpiredInternalTaskTest@2e3967ea]" started-at="2023-06-20T05:05:41Z" name="Launchbrowser" finished-at="2023-06-20T05:05:45Z" duration-ms="3468" status="PASS">
          <reporter-output>
          </reporter-output>
        </test-method> <!-- Launchbrowser -->
        <test-method is-config="true" signature="GetAddTask()[pri:0, instance:com.bhiawpkg.Tests.ExpiredInternalTaskTest@2e3967ea]" started-at="2023-06-20T05:05:45Z" name="GetAddTask" finished-at="2023-06-20T05:05:52Z" duration-ms="7108" status="PASS">
          <reporter-output>
          </reporter-output>
        </test-method> <!-- GetAddTask -->
        <test-method signature="ExpiredTask_AddTimeEntry(java.lang.String, java.lang.String, java.lang.String, java.lang.String, java.lang.String, java.lang.String, java.lang.String)[pri:0, instance:com.bhiawpkg.Tests.ExpiredInternalTaskTest@2e3967ea]" started-at="2023-06-20T05:05:52Z" name="ExpiredTask_AddTimeEntry" description="If the time entry details can add" data-provider="TimeEntry" finished-at="2023-06-20T05:06:22Z" duration-ms="30320" status="PASS">
          <params>
            <param index="0">
              <value>
                <![CDATA[INT03]]>
              </value>
            </param>
            <param index="1">
              <value>
                <![CDATA[TOUGHEN GLASS WORKS]]>
              </value>
            </param>
            <param index="2">
              <value>
                <![CDATA[TODAY()]]>
              </value>
            </param>
            <param index="3">
              <value>
                <![CDATA[1]]>
              </value>
            </param>
            <param index="4">
              <value>
                <![CDATA[In-progress]]>
              </value>
            </param>
            <param index="5">
              <value>
                <![CDATA[00:01]]>
              </value>
            </param>
            <param index="6">
              <value>
                <![CDATA[time entry description]]>
              </value>
            </param>
          </params>
          <reporter-output>
          </reporter-output>
        </test-method> <!-- ExpiredTask_AddTimeEntry -->
        <test-method is-config="true" signature="Logout()[pri:0, instance:com.bhiawpkg.Tests.ExpiredInternalTaskTest@2e3967ea]" started-at="2023-06-20T05:06:22Z" name="Logout" finished-at="2023-06-20T05:06:23Z" duration-ms="878" status="PASS">
          <reporter-output>
          </reporter-output>
        </test-method> <!-- Logout -->
        <test-method is-config="true" signature="teardown()[pri:0, instance:com.bhiawpkg.Tests.ExpiredInternalTaskTest@2e3967ea]" started-at="2023-06-20T05:06:23Z" name="teardown" finished-at="2023-06-20T05:06:24Z" duration-ms="689" status="PASS">
          <reporter-output>
          </reporter-output>
        </test-method> <!-- teardown -->
      </class> <!-- com.bhiawpkg.Tests.ExpiredInternalTaskTest -->
      <class name="com.bhiawpkg.Tests.DeleteAssignedTaskTest">
        <test-method is-config="true" signature="Launchbrowser()[pri:0, instance:com.bhiawpkg.Tests.DeleteAssignedTaskTest@70e9c95d]" started-at="2023-06-20T05:06:24Z" name="Launchbrowser" finished-at="2023-06-20T05:06:27Z" duration-ms="3334" status="PASS">
          <reporter-output>
          </reporter-output>
        </test-method> <!-- Launchbrowser -->
        <test-method is-config="true" signature="Login()[pri:0, instance:com.bhiawpkg.Tests.DeleteAssignedTaskTest@70e9c95d]" started-at="2023-06-20T05:06:27Z" name="Login" finished-at="2023-06-20T05:06:31Z" duration-ms="3457" status="PASS">
          <reporter-output>
          </reporter-output>
        </test-method> <!-- Login -->
        <test-method signature="DeleteAssignedTask()[pri:0, instance:com.bhiawpkg.Tests.DeleteAssignedTaskTest@70e9c95d]" started-at="2023-06-20T05:06:31Z" name="DeleteAssignedTask" finished-at="2023-06-20T05:07:29Z" duration-ms="57767" status="PASS">
          <reporter-output>
          </reporter-output>
        </test-method> <!-- DeleteAssignedTask -->
        <test-method is-config="true" signature="Verifysuccessful(org.testng.ITestResult)[pri:0, instance:com.bhiawpkg.Tests.DeleteAssignedTaskTest@70e9c95d]" started-at="2023-06-20T05:07:29Z" name="Verifysuccessful" finished-at="2023-06-20T05:07:35Z" duration-ms="6574" status="PASS">
          <params>
            <param index="0">
              <value>
                <![CDATA[[TestResult name=DeleteAssignedTask status=SUCCESS method=DeleteAssignedTaskTest.DeleteAssignedTask()[pri:0, instance:com.bhiawpkg.Tests.DeleteAssignedTaskTest@70e9c95d] output={null}]]]>
              </value>
            </param>
          </params>
          <reporter-output>
          </reporter-output>
        </test-method> <!-- Verifysuccessful -->
        <test-method is-config="true" signature="teardown()[pri:0, instance:com.bhiawpkg.Tests.DeleteAssignedTaskTest@70e9c95d]" started-at="2023-06-20T05:07:35Z" name="teardown" finished-at="2023-06-20T05:07:36Z" duration-ms="698" status="PASS">
          <reporter-output>
          </reporter-output>
        </test-method> <!-- teardown -->
      </class> <!-- com.bhiawpkg.Tests.DeleteAssignedTaskTest -->
      <class name="com.bhiawpkg.Tests.ExpiredInternalTaskCreationTest">
        <test-method is-config="true" signature="Launchbrowser()[pri:0, instance:com.bhiawpkg.Tests.ExpiredInternalTaskCreationTest@5e600dd5]" started-at="2023-06-20T05:02:53Z" name="Launchbrowser" finished-at="2023-06-20T05:03:35Z" duration-ms="41260" status="PASS">
          <reporter-output>
          </reporter-output>
        </test-method> <!-- Launchbrowser -->
        <test-method is-config="true" signature="GetAddTask()[pri:0, instance:com.bhiawpkg.Tests.ExpiredInternalTaskCreationTest@5e600dd5]" started-at="2023-06-20T05:03:36Z" name="GetAddTask" finished-at="2023-06-20T05:03:49Z" duration-ms="12654" status="PASS">
          <reporter-output>
          </reporter-output>
        </test-method> <!-- GetAddTask -->
        <test-method signature="ExpiredInternalTaskCreation(java.lang.String, java.lang.String, java.lang.String, java.lang.String, java.lang.String, java.lang.String, java.lang.String, java.lang.String, java.lang.String, java.lang.String, java.lang.String, java.lang.String, java.lang.String, java.lang.String, java.lang.String, java.lang.String, java.lang.String, java.lang.String, java.lang.String, java.lang.String, java.lang.String, java.lang.String, java.lang.String, java.lang.String, java.lang.String, java.lang.String)[pri:0, instance:com.bhiawpkg.Tests.ExpiredInternalTaskCreationTest@5e600dd5]" started-at="2023-06-20T05:03:49Z" name="ExpiredInternalTaskCreation" data-provider="Assignedtask" finished-at="2023-06-20T05:04:01Z" duration-ms="12319" status="PASS">
          <params>
            <param index="0">
              <value>
                <![CDATA[ASHLYPMS]]>
              </value>
            </param>
            <param index="1">
              <value>
                <![CDATA[Internal]]>
              </value>
            </param>
            <param index="2">
              <value>
                <![CDATA[Painting]]>
              </value>
            </param>
            <param index="3">
              <value>
                <![CDATA[INT03]]>
              </value>
            </param>
            <param index="4">
              <value>
                <![CDATA[500]]>
              </value>
            </param>
            <param index="5">
              <value>
                <![CDATA[Sq Ft]]>
              </value>
            </param>
            <param index="6">
              <value>
                <![CDATA[200]]>
              </value>
            </param>
            <param index="7">
              <value>
                <![CDATA[100000]]>
              </value>
            </param>
            <param index="8">
              <value>
                <![CDATA[Aluva]]>
              </value>
            </param>
            <param index="9">
              <value>
                <![CDATA[Third floor]]>
              </value>
            </param>
            <param index="10">
              <value>
                <![CDATA[TODAY()]]>
              </value>
            </param>
            <param index="11">
              <value>
                <![CDATA[EDATE(K2,1)]]>
              </value>
            </param>
            <param index="12">
              <value>
                <![CDATA[29]]>
              </value>
            </param>
            <param index="13">
              <value>
                <![CDATA[20.86]]>
              </value>
            </param>
            <param index="14">
              <value>
                <![CDATA[TOUGHEN GLASS WORKS]]>
              </value>
            </param>
            <param index="15">
              <value>
                <![CDATA[20]]>
              </value>
            </param>
            <param index="16">
              <value>
                <![CDATA[18]]>
              </value>
            </param>
            <param index="17">
              <value>
                <![CDATA[Medium]]>
              </value>
            </param>
            <param index="18">
              <value>
                <![CDATA[dinil]]>
              </value>
            </param>
            <param index="19">
              <value>
                <![CDATA[BHI Developer]]>
              </value>
            </param>
            <param index="20">
              <value>
                <![CDATA[BHI Developer]]>
              </value>
            </param>
            <param index="21">
              <value>
                <![CDATA[In-progress]]>
              </value>
            </param>
            <param index="22">
              <value>
                <![CDATA[PRODUCTION]]>
              </value>
            </param>
            <param index="23">
              <value>
                <![CDATA[Astle]]>
              </value>
            </param>
            <param index="24">
              <value>
                <![CDATA[divya.an@blueINFRAinfotech.com]]>
              </value>
            </param>
            <param index="25">
              <value>
                <![CDATA[should complete as early as possible]]>
              </value>
            </param>
          </params>
          <reporter-output>
          </reporter-output>
        </test-method> <!-- ExpiredInternalTaskCreation -->
        <test-method is-config="true" signature="Verifysuccessful(org.testng.ITestResult)[pri:0, instance:com.bhiawpkg.Tests.ExpiredInternalTaskCreationTest@5e600dd5]" started-at="2023-06-20T05:04:01Z" name="Verifysuccessful" finished-at="2023-06-20T05:04:02Z" duration-ms="135" status="FAIL">
          <params>
            <param index="0">
              <value>
                <![CDATA[[TestResult name=ExpiredInternalTaskCreation status=SUCCESS method=ExpiredInternalTaskCreationTest.ExpiredInternalTaskCreation(java.lang.String, java.lang.String, java.lang.String, java.lang.String, java.lang.String, java.lang.String, java.lang.String, java.lang.String, java.lang.String, java.lang.String, java.lang.String, java.lang.String, java.lang.String, java.lang.String, java.lang.String, java.lang.String, java.lang.String, java.lang.String, java.lang.String, java.lang.String, java.lang.String, java.lang.String, java.lang.String, java.lang.String, java.lang.String, java.lang.String)[pri:0, instance:com.bhiawpkg.Tests.ExpiredInternalTaskCreationTest@5e600dd5] output={null}]]]>
              </value>
            </param>
          </params>
          <exception class="java.lang.AssertionError">
            <message>
              <![CDATA[********ExpiredInternalTaskCreation Details added  failed!!************ expected [true] but found [false]]]>
            </message>
            <full-stacktrace>
              <![CDATA[java.lang.AssertionError: ********ExpiredInternalTaskCreation Details added  failed!!************ expected [true] but found [false]
at org.testng.Assert.fail(Assert.java:96)
at org.testng.Assert.failNotEquals(Assert.java:776)
at org.testng.Assert.assertTrue(Assert.java:44)
at com.bhiawpkg.Tests.ExpiredInternalTaskCreationTest.Verifysuccessful(ExpiredInternalTaskCreationTest.java:211)
at java.base/jdk.internal.reflect.NativeMethodAccessorImpl.invoke0(Native Method)
at java.base/jdk.internal.reflect.NativeMethodAccessorImpl.invoke(NativeMethodAccessorImpl.java:62)
at java.base/jdk.internal.reflect.DelegatingMethodAccessorImpl.invoke(DelegatingMethodAccessorImpl.java:43)
at java.base/java.lang.reflect.Method.invoke(Method.java:566)
at org.testng.internal.MethodInvocationHelper.invokeMethod(MethodInvocationHelper.java:124)
at org.testng.internal.MethodInvocationHelper.invokeMethodConsideringTimeout(MethodInvocationHelper.java:59)
at org.testng.internal.Invoker.invokeConfigurationMethod(Invoker.java:458)
at org.testng.internal.Invoker.invokeConfigurations(Invoker.java:222)
at org.testng.internal.Invoker.invokeMethod(Invoker.java:646)
at org.testng.internal.Invoker.invokeTestMethod(Invoker.java:719)
at org.testng.internal.Invoker.invokeTestMethods(Invoker.java:989)
at org.testng.internal.TestMethodWorker.invokeTestMethods(TestMethodWorker.java:125)
at org.testng.internal.TestMethodWorker.run(TestMethodWorker.java:109)
at org.testng.TestRunner.privateRun(TestRunner.java:648)
at org.testng.TestRunner.run(TestRunner.java:505)
at org.testng.SuiteRunner.runTest(SuiteRunner.java:455)
at org.testng.SuiteRunner.runSequentially(SuiteRunner.java:450)
at org.testng.SuiteRunner.privateRun(SuiteRunner.java:415)
at org.testng.SuiteRunner.run(SuiteRunner.java:364)
at org.testng.SuiteRunnerWorker.runSuite(SuiteRunnerWorker.java:52)
at org.testng.SuiteRunnerWorker.run(SuiteRunnerWorker.java:84)
at org.testng.TestNG.runSuitesSequentially(TestNG.java:1208)
at org.testng.TestNG.runSuitesLocally(TestNG.java:1137)
at org.testng.TestNG.runSuites(TestNG.java:1049)
at org.testng.TestNG.run(TestNG.java:1017)
at org.apache.maven.surefire.testng.TestNGExecutor.run(TestNGExecutor.java:284)
at org.apache.maven.surefire.testng.TestNGXmlTestSuite.execute(TestNGXmlTestSuite.java:75)
at org.apache.maven.surefire.testng.TestNGProvider.invoke(TestNGProvider.java:119)
at org.apache.maven.surefire.booter.ForkedBooter.runSuitesInProcess(ForkedBooter.java:428)
at org.apache.maven.surefire.booter.ForkedBooter.execute(ForkedBooter.java:162)
at org.apache.maven.surefire.booter.ForkedBooter.run(ForkedBooter.java:562)
at org.apache.maven.surefire.booter.ForkedBooter.main(ForkedBooter.java:548)
]]>
            </full-stacktrace>
          </exception> <!-- java.lang.AssertionError -->
          <reporter-output>
          </reporter-output>
        </test-method> <!-- Verifysuccessful -->
        <test-method is-config="true" signature="teardown()[pri:0, instance:com.bhiawpkg.Tests.ExpiredInternalTaskCreationTest@5e600dd5]" started-at="2023-06-20T05:04:02Z" name="teardown" finished-at="2023-06-20T05:04:02Z" duration-ms="0" status="SKIP">
          <reporter-output>
          </reporter-output>
        </test-method> <!-- teardown -->
      </class> <!-- com.bhiawpkg.Tests.ExpiredInternalTaskCreationTest -->
    </test> <!-- Regression costmspms -->
  </suite> <!-- ProjemPMS -->
</testng-results>
