<?xml version="1.0" encoding="UTF-8"?>
<!-- Generated by org.testng.reporters.JUnitXMLReporter -->
<testsuite ignored="0" hostname="LAPTOP-477EAM08" failures="0" tests="5" name="Regression costmspms" time="217.488" errors="0" timestamp="10 Jun 2023 10:09:45 GMT">
  <testcase classname="com.bhiawpkg.Tests.ExpiredInternalTaskCreationTest" name="@AfterMethod Verifysuccessful" time="0.114">
    <failure type="java.lang.AssertionError" message="********ExpiredInternalTaskCreation Details added  failed!!************ expected [true] but found [false]">
      <![CDATA[java.lang.AssertionError: ********ExpiredInternalTaskCreation Details added  failed!!************ expected [true] but found [false]
at com.bhiawpkg.Tests.ExpiredInternalTaskCreationTest.Verifysuccessful(ExpiredInternalTaskCreationTest.java:211)
... Removed 35 stack frames]]>
    </failure>
  </testcase> <!-- @AfterMethod Verifysuccessful -->
  <testcase classname="com.bhiawpkg.TestBase.TestBase" name="@AfterClass teardown" time="0.0">
    <skipped/>
  </testcase> <!-- @AfterClass teardown -->
  <testcase classname="com.bhiawpkg.Tests.ExpiredExternalTaskCreationTest" name="@AfterMethod Verifysuccessful" time="0.097">
    <failure type="java.lang.AssertionError" message="********ExpiredExternalTaskCreation Details added  failed!!************ expected [true] but found [false]">
      <![CDATA[java.lang.AssertionError: ********ExpiredExternalTaskCreation Details added  failed!!************ expected [true] but found [false]
at com.bhiawpkg.Tests.ExpiredExternalTaskCreationTest.Verifysuccessful(ExpiredExternalTaskCreationTest.java:212)
... Removed 35 stack frames]]>
    </failure>
  </testcase> <!-- @AfterMethod Verifysuccessful -->
  <testcase classname="com.bhiawpkg.TestBase.TestBase" name="@AfterClass teardown" time="0.0">
    <skipped/>
  </testcase> <!-- @AfterClass teardown -->
  <testcase classname="com.bhiawpkg.Tests.ExpiredInternalTaskCreationTest" name="ExpiredInternalTaskCreation" time="13.913"/>
  <testcase classname="com.bhiawpkg.Tests.ExpiredExternalTaskCreationTest" name="ExpiredExternalTaskCreation" time="29.336"/>
  <testcase classname="com.bhiawpkg.Tests.ExpiredExternalWPRTest" name="ExpiredTask_AddDailyworkprogress" time="41.837"/>
  <testcase classname="com.bhiawpkg.Tests.ExpiredInternalTaskTest" name="ExpiredTask_AddTimeEntry" time="26.482"/>
  <testcase classname="com.bhiawpkg.Tests.DeleteAssignedTaskTest" name="DeleteAssignedTask" time="52.691"/>
</testsuite> <!-- Regression costmspms -->
