<?xml version="1.0" encoding="UTF-8"?>
<!-- Generated by org.testng.reporters.JUnitXMLReporter -->
<testsuite ignored="3" hostname="LAPTOP-477EAM08" failures="1" tests="1" name="SmokeTest_AshlyPMS_edge(failed)" time="72.449" errors="0" timestamp="08 Nov 2021 04:44:09 GMT">
  <testcase classname="com.bhiawpkg.Tests.TimeEntryTest" name="TimeEntry_Delete" time="46.716">
    <failure type="java.lang.AssertionError" message="********---Delete process failed!!*No data exist to delete*********** expected [true] but found [false]">
      <![CDATA[java.lang.AssertionError: ********---Delete process failed!!*No data exist to delete*********** expected [true] but found [false]
at com.bhiawpkg.Tests.TimeEntryTest.TimeEntry_Delete(TimeEntryTest.java:348)
... Removed 28 stack frames]]>
    </failure>
  </testcase> <!-- TimeEntry_Delete -->
  <testcase classname="com.bhiawpkg.Tests.TimeEntryTest" name="AddTimeEntry" time="0.0">
    <ignored/>
  </testcase> <!-- AddTimeEntry -->
  <testcase classname="com.bhiawpkg.Tests.TimeEntryTest" name="ApproveTimeEntry" time="0.0">
    <ignored/>
  </testcase> <!-- ApproveTimeEntry -->
  <testcase classname="com.bhiawpkg.Tests.TimeEntryTest" name="EditTimeEntry" time="0.0">
    <ignored/>
  </testcase> <!-- EditTimeEntry -->
</testsuite> <!-- SmokeTest_AshlyPMS_edge(failed) -->
