<?xml version="1.0" encoding="UTF-8"?>
<!-- Generated by org.testng.reporters.JUnitXMLReporter -->
<testsuite ignored="0" hostname="LAPTOP-477EAM08" failures="0" tests="7" name="SmokeTest_AshlyPMS" time="1.299" errors="0" timestamp="03 Nov 2021 07:49:00 GMT">
  <testcase classname="com.bhiawpkg.TestBase.TestBase" name="@BeforeClass Launchbrowser" time="0.0">
    <failure type="org.testng.TestNGException" message="
Parameter &amp;apos;browser&amp;apos; is required by BeforeClass on method Launchbrowser but has not been marked @Optional or defined
in C:\Users\divya\OneDrive\Desktop\Works\PMS_WORKSPACE\BHIAW\TestNG.xml">
      <![CDATA[org.testng.TestNGException: 
Parameter 'browser' is required by BeforeClass on method Launchbrowser but has not been marked @Optional or defined
in C:\Users\divya\OneDrive\Desktop\Works\PMS_WORKSPACE\BHIAW\TestNG.xml
... Removed 23 stack frames]]>
    </failure>
  </testcase> <!-- @BeforeClass Launchbrowser -->
  <testcase classname="com.bhiawpkg.Tests.WPRTest" name="@BeforeMethod WPR" time="0.0">
    <skipped/>
  </testcase> <!-- @BeforeMethod WPR -->
  <testcase classname="com.bhiawpkg.Tests.WPRTest" name="@AfterMethod Logout" time="0.0">
    <skipped/>
  </testcase> <!-- @AfterMethod Logout -->
  <testcase classname="com.bhiawpkg.Tests.WPRTest" name="@BeforeMethod WPR" time="0.0">
    <skipped/>
  </testcase> <!-- @BeforeMethod WPR -->
  <testcase classname="com.bhiawpkg.Tests.WPRTest" name="@AfterMethod Logout" time="0.0">
    <skipped/>
  </testcase> <!-- @AfterMethod Logout -->
  <testcase classname="com.bhiawpkg.Tests.WPRTest" name="@BeforeMethod WPR" time="0.0">
    <skipped/>
  </testcase> <!-- @BeforeMethod WPR -->
  <testcase classname="com.bhiawpkg.Tests.WPRTest" name="@AfterMethod Logout" time="0.0">
    <skipped/>
  </testcase> <!-- @AfterMethod Logout -->
  <testcase classname="com.bhiawpkg.Tests.WPRTest" name="@BeforeMethod WPR" time="0.0">
    <skipped/>
  </testcase> <!-- @BeforeMethod WPR -->
  <testcase classname="com.bhiawpkg.Tests.WPRTest" name="@AfterMethod Logout" time="0.0">
    <skipped/>
  </testcase> <!-- @AfterMethod Logout -->
  <testcase classname="com.bhiawpkg.Tests.WPRTest" name="@BeforeMethod WPR" time="0.0">
    <skipped/>
  </testcase> <!-- @BeforeMethod WPR -->
  <testcase classname="com.bhiawpkg.Tests.WPRTest" name="@AfterMethod Logout" time="0.0">
    <skipped/>
  </testcase> <!-- @AfterMethod Logout -->
  <testcase classname="com.bhiawpkg.Tests.WPRTest" name="@BeforeMethod WPR" time="0.0">
    <skipped/>
  </testcase> <!-- @BeforeMethod WPR -->
  <testcase classname="com.bhiawpkg.Tests.WPRTest" name="@AfterMethod Logout" time="0.0">
    <skipped/>
  </testcase> <!-- @AfterMethod Logout -->
  <testcase classname="com.bhiawpkg.Tests.WPRTest" name="@BeforeMethod WPR" time="0.0">
    <skipped/>
  </testcase> <!-- @BeforeMethod WPR -->
  <testcase classname="com.bhiawpkg.Tests.WPRTest" name="@AfterMethod Logout" time="0.0">
    <skipped/>
  </testcase> <!-- @AfterMethod Logout -->
  <testcase classname="com.bhiawpkg.TestBase.TestBase" name="@AfterClass teardown" time="0.0">
    <skipped/>
  </testcase> <!-- @AfterClass teardown -->
  <testcase classname="com.bhiawpkg.Tests.WPRTest" name="AddDailyworkprogress" time="0.0">
    <skipped/>
  </testcase> <!-- AddDailyworkprogress -->
  <testcase classname="com.bhiawpkg.Tests.WPRTest" name="AddDailyworkprogress" time="0.0">
    <skipped/>
  </testcase> <!-- AddDailyworkprogress -->
  <testcase classname="com.bhiawpkg.Tests.WPRTest" name="AddDailyworkprogress" time="0.0">
    <skipped/>
  </testcase> <!-- AddDailyworkprogress -->
  <testcase classname="com.bhiawpkg.Tests.WPRTest" name="ApproveDailyWrok" time="0.0">
    <skipped/>
  </testcase> <!-- ApproveDailyWrok -->
  <testcase classname="com.bhiawpkg.Tests.WPRTest" name="RejectDWP" time="0.0">
    <skipped/>
  </testcase> <!-- RejectDWP -->
  <testcase classname="com.bhiawpkg.Tests.WPRTest" name="RejectDWPRecall" time="0.0">
    <skipped/>
  </testcase> <!-- RejectDWPRecall -->
  <testcase classname="com.bhiawpkg.Tests.WPRTest" name="ViewDWP" time="0.0">
    <skipped/>
  </testcase> <!-- ViewDWP -->
</testsuite> <!-- SmokeTest_AshlyPMS -->
