<?xml version="1.0" encoding="UTF-8"?>
<!-- Generated by org.testng.reporters.JUnitXMLReporter -->
<testsuite ignored="0" hostname="LAPTOP-477EAM08" failures="1" tests="3" name="SmokeTest_AshlyPMS_edge" time="110.165" errors="0" timestamp="03 Nov 2021 08:05:30 GMT">
  <testcase classname="com.bhiawpkg.Tests.TimeEntryTest" name="EditTimeEntry" time="8.291"/>
  <testcase classname="com.bhiawpkg.Tests.TimeEntryTest" name="EditTimeEntry" time="7.215"/>
  <testcase classname="com.bhiawpkg.Tests.TimeEntryTest" name="TimeEntry_Delete" time="43.814">
    <failure type="java.lang.AssertionError" message="********---Delete process failed!!*No data exist to delete*********** expected [true] but found [false]">
      <![CDATA[java.lang.AssertionError: ********---Delete process failed!!*No data exist to delete*********** expected [true] but found [false]
at com.bhiawpkg.Tests.TimeEntryTest.TimeEntry_Delete(TimeEntryTest.java:348)
... Removed 28 stack frames]]>
    </failure>
  </testcase> <!-- TimeEntry_Delete -->
</testsuite> <!-- SmokeTest_AshlyPMS_edge -->
