<?xml version="1.0" encoding="UTF-8"?>
<!-- Generated by org.testng.reporters.JUnitXMLReporter -->
<testsuite ignored="0" hostname="LAPTOP-477EAM08" failures="0" tests="3" name="SmokeTest_AshlyPMS_chrome" time="67.982" errors="0" timestamp="03 Nov 2021 08:02:10 GMT">
  <testcase classname="com.bhiawpkg.Tests.TimeEntryTest" name="EditTimeEntry" time="9.062"/>
  <testcase classname="com.bhiawpkg.Tests.TimeEntryTest" name="EditTimeEntry" time="7.442"/>
  <testcase classname="com.bhiawpkg.Tests.TimeEntryTest" name="TimeEntry_Delete" time="5.484"/>
</testsuite> <!-- SmokeTest_AshlyPMS_chrome -->
