<?xml version="1.0" encoding="UTF-8"?>
<!-- Generated by org.testng.reporters.JUnitXMLReporter -->
<testsuite ignored="0" hostname="LAPTOP-477EAM08" failures="0" tests="5" name="Regression costmspms" time="318.741" errors="0" timestamp="12 Jun 2023 08:14:37 GMT">
  <testcase classname="com.bhiawpkg.Tests.ExpiredInternalTaskCreationTest" name="@AfterMethod Verifysuccessful" time="0.221">
    <failure type="java.lang.AssertionError" message="********ExpiredInternalTaskCreation Details added  failed!!************ expected [true] but found [false]">
      <![CDATA[java.lang.AssertionError: ********ExpiredInternalTaskCreation Details added  failed!!************ expected [true] but found [false]
at com.bhiawpkg.Tests.ExpiredInternalTaskCreationTest.Verifysuccessful(ExpiredInternalTaskCreationTest.java:211)
... Removed 31 stack frames]]>
    </failure>
  </testcase> <!-- @AfterMethod Verifysuccessful -->
  <testcase classname="com.bhiawpkg.TestBase.TestBase" name="@AfterClass teardown" time="0.0">
    <skipped/>
  </testcase> <!-- @AfterClass teardown -->
  <testcase classname="com.bhiawpkg.Tests.ExpiredExternalTaskCreationTest" name="@AfterMethod Verifysuccessful" time="0.219">
    <failure type="java.lang.AssertionError" message="********ExpiredExternalTaskCreation Details added  failed!!************ expected [true] but found [false]">
      <![CDATA[java.lang.AssertionError: ********ExpiredExternalTaskCreation Details added  failed!!************ expected [true] but found [false]
at com.bhiawpkg.Tests.ExpiredExternalTaskCreationTest.Verifysuccessful(ExpiredExternalTaskCreationTest.java:212)
... Removed 31 stack frames]]>
    </failure>
  </testcase> <!-- @AfterMethod Verifysuccessful -->
  <testcase classname="com.bhiawpkg.TestBase.TestBase" name="@AfterClass teardown" time="0.0">
    <skipped/>
  </testcase> <!-- @AfterClass teardown -->
  <testcase classname="com.bhiawpkg.Tests.ExpiredInternalTaskCreationTest" name="ExpiredInternalTaskCreation" time="13.48"/>
  <testcase classname="com.bhiawpkg.Tests.ExpiredExternalTaskCreationTest" name="ExpiredExternalTaskCreation" time="31.537"/>
  <testcase classname="com.bhiawpkg.Tests.ExpiredExternalWPRTest" name="ExpiredTask_AddDailyworkprogress" time="78.178"/>
  <testcase classname="com.bhiawpkg.Tests.ExpiredInternalTaskTest" name="ExpiredTask_AddTimeEntry" time="27.983"/>
  <testcase classname="com.bhiawpkg.Tests.DeleteAssignedTaskTest" name="DeleteAssignedTask" time="52.866"/>
</testsuite> <!-- Regression costmspms -->
